<?xml version="1.0" encoding="UTF-8"?>
<coverage generated="1672382851347" clover="3.2.0">
  <project timestamp="1672382851347" name="All files">
    <metrics statements="951" coveredstatements="84" conditionals="304" coveredconditionals="26" methods="265" coveredmethods="42" elements="1520" coveredelements="152" complexity="0" loc="951" ncloc="951" packages="15" files="69" classes="69"/>
    <package name="src">
      <metrics statements="3" coveredstatements="0" conditionals="0" coveredconditionals="0" methods="0" coveredmethods="0"/>
      <file name="config.ts" path="/Users/s.meyer/projects/dragonquest/src/config.ts">
        <metrics statements="1" coveredstatements="0" conditionals="0" coveredconditionals="0" methods="0" coveredmethods="0"/>
        <line num="3" count="0" type="stmt"/>
      </file>
      <file name="main.ts" path="/Users/s.meyer/projects/dragonquest/src/main.ts">
        <metrics statements="2" coveredstatements="0" conditionals="0" coveredconditionals="0" methods="0" coveredmethods="0"/>
        <line num="13" count="0" type="stmt"/>
        <line num="16" count="0" type="stmt"/>
      </file>
      <file name="test.ts" path="/Users/s.meyer/projects/dragonquest/src/test.ts">
        <metrics statements="0" coveredstatements="0" conditionals="0" coveredconditionals="0" methods="0" coveredmethods="0"/>
      </file>
    </package>
    <package name="src.balancing">
      <metrics statements="64" coveredstatements="58" conditionals="23" coveredconditionals="15" methods="30" coveredmethods="30"/>
      <file name="chooseAttacksRandom.ts" path="/Users/s.meyer/projects/dragonquest/src/balancing/chooseAttacksRandom.ts">
        <metrics statements="5" coveredstatements="5" conditionals="0" coveredconditionals="0" methods="1" coveredmethods="1"/>
        <line num="4" count="1" type="stmt"/>
        <line num="5" count="43" type="stmt"/>
        <line num="6" count="43" type="stmt"/>
        <line num="7" count="43" type="stmt"/>
        <line num="8" count="43" type="stmt"/>
      </file>
      <file name="eventsMock.ts" path="/Users/s.meyer/projects/dragonquest/src/balancing/eventsMock.ts">
        <metrics statements="1" coveredstatements="1" conditionals="0" coveredconditionals="0" methods="1" coveredmethods="1"/>
        <line num="3" count="1" type="stmt"/>
      </file>
      <file name="fight.ts" path="/Users/s.meyer/projects/dragonquest/src/balancing/fight.ts">
        <metrics statements="34" coveredstatements="34" conditionals="13" coveredconditionals="11" methods="22" coveredmethods="22"/>
        <line num="26" count="1" type="stmt"/>
        <line num="31" count="2" type="stmt"/>
        <line num="32" count="2" type="stmt"/>
        <line num="33" count="2" type="stmt"/>
        <line num="34" count="2" type="stmt"/>
        <line num="35" count="2" type="cond" truecount="3" falsecount="0"/>
        <line num="36" count="22" type="stmt"/>
        <line num="37" count="22" type="stmt"/>
        <line num="38" count="22" type="stmt"/>
        <line num="40" count="22" type="stmt"/>
        <line num="41" count="22" type="stmt"/>
        <line num="43" count="22" type="stmt"/>
        <line num="44" count="22" type="stmt"/>
        <line num="46" count="22" type="stmt"/>
        <line num="47" count="22" type="stmt"/>
        <line num="53" count="22" type="stmt"/>
        <line num="55" count="22" type="stmt"/>
        <line num="56" count="22" type="stmt"/>
        <line num="58" count="21" type="stmt"/>
        <line num="60" count="21" type="stmt"/>
        <line num="61" count="21" type="stmt"/>
        <line num="66" count="2" type="cond" truecount="1" falsecount="1"/>
        <line num="68" count="2" type="cond" truecount="4" falsecount="0"/>
        <line num="74" count="2" type="stmt"/>
        <line num="78" count="2" type="stmt"/>
        <line num="79" count="2" type="stmt"/>
        <line num="82" count="2" type="stmt"/>
        <line num="83" count="2" type="stmt"/>
        <line num="85" count="2" type="stmt"/>
        <line num="91" count="54" type="stmt"/>
        <line num="95" count="44" type="stmt"/>
        <line num="96" count="44" type="stmt"/>
        <line num="98" count="43" type="stmt"/>
        <line num="99" count="43" type="stmt"/>
      </file>
      <file name="testScenarios.ts" path="/Users/s.meyer/projects/dragonquest/src/balancing/testScenarios.ts">
        <metrics statements="24" coveredstatements="18" conditionals="10" coveredconditionals="4" methods="6" coveredmethods="6"/>
        <line num="5" count="1" type="stmt"/>
        <line num="6" count="1" type="stmt"/>
        <line num="7" count="1" type="cond" truecount="1" falsecount="1"/>
        <line num="8" count="0" type="stmt"/>
        <line num="9" count="0" type="stmt"/>
        <line num="10" count="0" type="stmt"/>
        <line num="11" count="0" type="cond" truecount="0" falsecount="2"/>
        <line num="12" count="0" type="stmt"/>
        <line num="14" count="0" type="stmt"/>
        <line num="17" count="1" type="stmt"/>
        <line num="18" count="1" type="stmt"/>
        <line num="19" count="1" type="stmt"/>
        <line num="20" count="1" type="stmt"/>
        <line num="21" count="1" type="cond" truecount="1" falsecount="1"/>
        <line num="22" count="1" type="stmt"/>
        <line num="26" count="1" type="stmt"/>
        <line num="35" count="1" type="cond" truecount="1" falsecount="1"/>
        <line num="36" count="1" type="stmt"/>
        <line num="38" count="1" type="stmt"/>
        <line num="40" count="1" type="stmt"/>
        <line num="41" count="1" type="stmt"/>
        <line num="42" count="1" type="stmt"/>
        <line num="44" count="1" type="stmt"/>
        <line num="48" count="2" type="cond" truecount="1" falsecount="1"/>
      </file>
    </package>
    <package name="src.gameplay">
      <metrics statements="44" coveredstatements="0" conditionals="6" coveredconditionals="0" methods="22" coveredmethods="0"/>
      <file name="CustomApi.ts" path="/Users/s.meyer/projects/dragonquest/src/gameplay/CustomApi.ts">
        <metrics statements="2" coveredstatements="0" conditionals="0" coveredconditionals="0" methods="2" coveredmethods="0"/>
        <line num="5" count="0" type="stmt"/>
        <line num="9" count="0" type="stmt"/>
      </file>
      <file name="DragonQuest.ts" path="/Users/s.meyer/projects/dragonquest/src/gameplay/DragonQuest.ts">
        <metrics statements="42" coveredstatements="0" conditionals="6" coveredconditionals="0" methods="20" coveredmethods="0"/>
        <line num="13" count="0" type="stmt"/>
        <line num="14" count="0" type="stmt"/>
        <line num="15" count="0" type="stmt"/>
        <line num="16" count="0" type="stmt"/>
        <line num="17" count="0" type="stmt"/>
        <line num="18" count="0" type="stmt"/>
        <line num="19" count="0" type="stmt"/>
        <line num="20" count="0" type="stmt"/>
        <line num="23" count="0" type="stmt"/>
        <line num="24" count="0" type="stmt"/>
        <line num="25" count="0" type="stmt"/>
        <line num="29" count="0" type="stmt"/>
        <line num="33" count="0" type="stmt"/>
        <line num="34" count="0" type="stmt"/>
        <line num="35" count="0" type="stmt"/>
        <line num="36" count="0" type="stmt"/>
        <line num="37" count="0" type="stmt"/>
        <line num="41" count="0" type="stmt"/>
        <line num="45" count="0" type="stmt"/>
        <line num="49" count="0" type="stmt"/>
        <line num="53" count="0" type="stmt"/>
        <line num="54" count="0" type="stmt"/>
        <line num="58" count="0" type="stmt"/>
        <line num="63" count="0" type="stmt"/>
        <line num="64" count="0" type="cond" truecount="0" falsecount="2"/>
        <line num="65" count="0" type="stmt"/>
        <line num="66" count="0" type="cond" truecount="0" falsecount="2"/>
        <line num="67" count="0" type="stmt"/>
        <line num="69" count="0" type="cond" truecount="0" falsecount="2"/>
        <line num="70" count="0" type="stmt"/>
        <line num="72" count="0" type="stmt"/>
        <line num="79" count="0" type="stmt"/>
        <line num="83" count="0" type="stmt"/>
        <line num="87" count="0" type="stmt"/>
        <line num="88" count="0" type="stmt"/>
        <line num="89" count="0" type="stmt"/>
        <line num="94" count="0" type="stmt"/>
        <line num="95" count="0" type="stmt"/>
        <line num="100" count="0" type="stmt"/>
        <line num="101" count="0" type="stmt"/>
        <line num="105" count="0" type="stmt"/>
        <line num="106" count="0" type="stmt"/>
      </file>
      <file name="Observable.ts" path="/Users/s.meyer/projects/dragonquest/src/gameplay/Observable.ts">
        <metrics statements="0" coveredstatements="0" conditionals="0" coveredconditionals="0" methods="0" coveredmethods="0"/>
      </file>
    </package>
    <package name="src.gameplay.battle">
      <metrics statements="16" coveredstatements="11" conditionals="9" coveredconditionals="6" methods="8" coveredmethods="3"/>
      <file name="Attack.ts" path="/Users/s.meyer/projects/dragonquest/src/gameplay/battle/Attack.ts">
        <metrics statements="12" coveredstatements="11" conditionals="9" coveredconditionals="6" methods="4" coveredmethods="3"/>
        <line num="10" count="43" type="stmt"/>
        <line num="19" count="43" type="cond" truecount="1" falsecount="1"/>
        <line num="22" count="43" type="cond" truecount="2" falsecount="0"/>
        <line num="23" count="2" type="cond" truecount="1" falsecount="1"/>
        <line num="26" count="2" type="stmt"/>
        <line num="27" count="2" type="stmt"/>
        <line num="28" count="2" type="stmt"/>
        <line num="29" count="2" type="cond" truecount="2" falsecount="0"/>
        <line num="30" count="1" type="stmt"/>
        <line num="32" count="1" type="stmt"/>
        <line num="43" count="41" type="stmt"/>
        <line num="48" count="0" type="stmt"/>
      </file>
      <file name="BattleAction.ts" path="/Users/s.meyer/projects/dragonquest/src/gameplay/battle/BattleAction.ts">
        <metrics statements="0" coveredstatements="0" conditionals="0" coveredconditionals="0" methods="0" coveredmethods="0"/>
      </file>
      <file name="Heal.ts" path="/Users/s.meyer/projects/dragonquest/src/gameplay/battle/Heal.ts">
        <metrics statements="4" coveredstatements="0" conditionals="0" coveredconditionals="0" methods="4" coveredmethods="0"/>
        <line num="9" count="0" type="stmt"/>
        <line num="12" count="0" type="stmt"/>
        <line num="13" count="0" type="stmt"/>
        <line num="17" count="0" type="stmt"/>
      </file>
    </package>
    <package name="src.gameplay.dialog">
      <metrics statements="72" coveredstatements="0" conditionals="46" coveredconditionals="0" methods="14" coveredmethods="0"/>
      <file name="DialogState.ts" path="/Users/s.meyer/projects/dragonquest/src/gameplay/dialog/DialogState.ts">
        <metrics statements="71" coveredstatements="0" conditionals="46" coveredconditionals="0" methods="14" coveredmethods="0"/>
        <line num="9" count="0" type="stmt"/>
        <line num="10" count="0" type="stmt"/>
        <line num="16" count="0" type="stmt"/>
        <line num="17" count="0" type="stmt"/>
        <line num="21" count="0" type="cond" truecount="0" falsecount="2"/>
        <line num="22" count="0" type="stmt"/>
        <line num="23" count="0" type="stmt"/>
        <line num="25" count="0" type="stmt"/>
        <line num="26" count="0" type="cond" truecount="0" falsecount="2"/>
        <line num="27" count="0" type="stmt"/>
        <line num="28" count="0" type="cond" truecount="0" falsecount="2"/>
        <line num="29" count="0" type="stmt"/>
        <line num="31" count="0" type="stmt"/>
        <line num="32" count="0" type="stmt"/>
        <line num="33" count="0" type="stmt"/>
        <line num="37" count="0" type="cond" truecount="0" falsecount="2"/>
        <line num="38" count="0" type="stmt"/>
        <line num="39" count="0" type="stmt"/>
        <line num="40" count="0" type="cond" truecount="0" falsecount="2"/>
        <line num="41" count="0" type="stmt"/>
        <line num="42" count="0" type="cond" truecount="0" falsecount="2"/>
        <line num="43" count="0" type="stmt"/>
        <line num="48" count="0" type="stmt"/>
        <line num="52" count="0" type="stmt"/>
        <line num="53" count="0" type="stmt"/>
        <line num="57" count="0" type="cond" truecount="0" falsecount="2"/>
        <line num="58" count="0" type="stmt"/>
        <line num="59" count="0" type="stmt"/>
        <line num="61" count="0" type="stmt"/>
        <line num="63" count="0" type="cond" truecount="0" falsecount="2"/>
        <line num="64" count="0" type="stmt"/>
        <line num="65" count="0" type="stmt"/>
        <line num="67" count="0" type="cond" truecount="0" falsecount="2"/>
        <line num="68" count="0" type="stmt"/>
        <line num="73" count="0" type="cond" truecount="0" falsecount="2"/>
        <line num="74" count="0" type="stmt"/>
        <line num="75" count="0" type="stmt"/>
        <line num="77" count="0" type="stmt"/>
        <line num="78" count="0" type="cond" truecount="0" falsecount="2"/>
        <line num="79" count="0" type="stmt"/>
        <line num="80" count="0" type="stmt"/>
        <line num="81" count="0" type="stmt"/>
        <line num="83" count="0" type="cond" truecount="0" falsecount="2"/>
        <line num="84" count="0" type="stmt"/>
        <line num="86" count="0" type="cond" truecount="0" falsecount="2"/>
        <line num="87" count="0" type="stmt"/>
        <line num="92" count="0" type="cond" truecount="0" falsecount="2"/>
        <line num="93" count="0" type="stmt"/>
        <line num="94" count="0" type="cond" truecount="0" falsecount="2"/>
        <line num="95" count="0" type="stmt"/>
        <line num="103" count="0" type="cond" truecount="0" falsecount="2"/>
        <line num="104" count="0" type="stmt"/>
        <line num="105" count="0" type="cond" truecount="0" falsecount="2"/>
        <line num="106" count="0" type="cond" truecount="0" falsecount="2"/>
        <line num="107" count="0" type="stmt"/>
        <line num="111" count="0" type="stmt"/>
        <line num="119" count="0" type="cond" truecount="0" falsecount="2"/>
        <line num="120" count="0" type="stmt"/>
        <line num="121" count="0" type="cond" truecount="0" falsecount="2"/>
        <line num="122" count="0" type="stmt"/>
        <line num="124" count="0" type="stmt"/>
        <line num="130" count="0" type="cond" truecount="0" falsecount="2"/>
        <line num="131" count="0" type="stmt"/>
        <line num="132" count="0" type="cond" truecount="0" falsecount="2"/>
        <line num="133" count="0" type="stmt"/>
        <line num="135" count="0" type="stmt"/>
        <line num="139" count="0" type="cond" truecount="0" falsecount="2"/>
        <line num="140" count="0" type="stmt"/>
        <line num="145" count="0" type="stmt"/>
        <line num="147" count="0" type="stmt"/>
        <line num="150" count="0" type="stmt"/>
      </file>
      <file name="StrangerDialog.ts" path="/Users/s.meyer/projects/dragonquest/src/gameplay/dialog/StrangerDialog.ts">
        <metrics statements="1" coveredstatements="0" conditionals="0" coveredconditionals="0" methods="0" coveredmethods="0"/>
        <line num="3" count="0" type="stmt"/>
      </file>
    </package>
    <package name="src.gameplay.types">
      <metrics statements="0" coveredstatements="0" conditionals="0" coveredconditionals="0" methods="0" coveredmethods="0"/>
      <file name="Character.ts" path="/Users/s.meyer/projects/dragonquest/src/gameplay/types/Character.ts">
        <metrics statements="0" coveredstatements="0" conditionals="0" coveredconditionals="0" methods="0" coveredmethods="0"/>
      </file>
      <file name="Characters.ts" path="/Users/s.meyer/projects/dragonquest/src/gameplay/types/Characters.ts">
        <metrics statements="0" coveredstatements="0" conditionals="0" coveredconditionals="0" methods="0" coveredmethods="0"/>
      </file>
      <file name="CustomAction.ts" path="/Users/s.meyer/projects/dragonquest/src/gameplay/types/CustomAction.ts">
        <metrics statements="0" coveredstatements="0" conditionals="0" coveredconditionals="0" methods="0" coveredmethods="0"/>
      </file>
      <file name="Dialog.ts" path="/Users/s.meyer/projects/dragonquest/src/gameplay/types/Dialog.ts">
        <metrics statements="0" coveredstatements="0" conditionals="0" coveredconditionals="0" methods="0" coveredmethods="0"/>
      </file>
      <file name="DialogAction.ts" path="/Users/s.meyer/projects/dragonquest/src/gameplay/types/DialogAction.ts">
        <metrics statements="0" coveredstatements="0" conditionals="0" coveredconditionals="0" methods="0" coveredmethods="0"/>
      </file>
      <file name="DropItem.ts" path="/Users/s.meyer/projects/dragonquest/src/gameplay/types/DropItem.ts">
        <metrics statements="0" coveredstatements="0" conditionals="0" coveredconditionals="0" methods="0" coveredmethods="0"/>
      </file>
      <file name="DropItemRef.ts" path="/Users/s.meyer/projects/dragonquest/src/gameplay/types/DropItemRef.ts">
        <metrics statements="0" coveredstatements="0" conditionals="0" coveredconditionals="0" methods="0" coveredmethods="0"/>
      </file>
      <file name="Healing.ts" path="/Users/s.meyer/projects/dragonquest/src/gameplay/types/Healing.ts">
        <metrics statements="0" coveredstatements="0" conditionals="0" coveredconditionals="0" methods="0" coveredmethods="0"/>
      </file>
      <file name="Level.ts" path="/Users/s.meyer/projects/dragonquest/src/gameplay/types/Level.ts">
        <metrics statements="0" coveredstatements="0" conditionals="0" coveredconditionals="0" methods="0" coveredmethods="0"/>
      </file>
      <file name="Power.ts" path="/Users/s.meyer/projects/dragonquest/src/gameplay/types/Power.ts">
        <metrics statements="0" coveredstatements="0" conditionals="0" coveredconditionals="0" methods="0" coveredmethods="0"/>
      </file>
      <file name="Powers.ts" path="/Users/s.meyer/projects/dragonquest/src/gameplay/types/Powers.ts">
        <metrics statements="0" coveredstatements="0" conditionals="0" coveredconditionals="0" methods="0" coveredmethods="0"/>
      </file>
      <file name="Weapon.ts" path="/Users/s.meyer/projects/dragonquest/src/gameplay/types/Weapon.ts">
        <metrics statements="0" coveredstatements="0" conditionals="0" coveredconditionals="0" methods="0" coveredmethods="0"/>
      </file>
    </package>
    <package name="src.gameplay.worldaction">
      <metrics statements="120" coveredstatements="0" conditionals="44" coveredconditionals="0" methods="44" coveredmethods="0"/>
      <file name="Action.ts" path="/Users/s.meyer/projects/dragonquest/src/gameplay/worldaction/Action.ts">
        <metrics statements="0" coveredstatements="0" conditionals="0" coveredconditionals="0" methods="0" coveredmethods="0"/>
      </file>
      <file name="CharacterAction.ts" path="/Users/s.meyer/projects/dragonquest/src/gameplay/worldaction/CharacterAction.ts">
        <metrics statements="3" coveredstatements="0" conditionals="0" coveredconditionals="0" methods="1" coveredmethods="0"/>
        <line num="6" count="0" type="stmt"/>
        <line num="7" count="0" type="stmt"/>
        <line num="8" count="0" type="stmt"/>
      </file>
      <file name="DialogAction.ts" path="/Users/s.meyer/projects/dragonquest/src/gameplay/worldaction/DialogAction.ts">
        <metrics statements="9" coveredstatements="0" conditionals="2" coveredconditionals="0" methods="2" coveredmethods="0"/>
        <line num="5" count="0" type="stmt"/>
        <line num="6" count="0" type="stmt"/>
        <line num="7" count="0" type="stmt"/>
        <line num="14" count="0" type="stmt"/>
        <line num="16" count="0" type="cond" truecount="0" falsecount="2"/>
        <line num="17" count="0" type="stmt"/>
        <line num="19" count="0" type="stmt"/>
        <line num="23" count="0" type="stmt"/>
        <line num="24" count="0" type="stmt"/>
      </file>
      <file name="DoorAction.ts" path="/Users/s.meyer/projects/dragonquest/src/gameplay/worldaction/DoorAction.ts">
        <metrics statements="3" coveredstatements="0" conditionals="2" coveredconditionals="0" methods="1" coveredmethods="0"/>
        <line num="6" count="0" type="stmt"/>
        <line num="7" count="0" type="cond" truecount="0" falsecount="2"/>
        <line num="8" count="0" type="stmt"/>
      </file>
      <file name="EntryAction.ts" path="/Users/s.meyer/projects/dragonquest/src/gameplay/worldaction/EntryAction.ts">
        <metrics statements="2" coveredstatements="0" conditionals="0" coveredconditionals="0" methods="1" coveredmethods="0"/>
        <line num="3" count="0" type="stmt"/>
        <line num="4" count="0" type="stmt"/>
      </file>
      <file name="FoodAction.ts" path="/Users/s.meyer/projects/dragonquest/src/gameplay/worldaction/FoodAction.ts">
        <metrics statements="24" coveredstatements="0" conditionals="6" coveredconditionals="0" methods="6" coveredmethods="0"/>
        <line num="6" count="0" type="stmt"/>
        <line num="7" count="0" type="stmt"/>
        <line num="8" count="0" type="cond" truecount="0" falsecount="2"/>
        <line num="9" count="0" type="stmt"/>
        <line num="11" count="0" type="stmt"/>
        <line num="12" count="0" type="stmt"/>
        <line num="13" count="0" type="cond" truecount="0" falsecount="2"/>
        <line num="14" count="0" type="stmt"/>
        <line num="17" count="0" type="stmt"/>
        <line num="18" count="0" type="stmt"/>
        <line num="19" count="0" type="stmt"/>
        <line num="21" count="0" type="stmt"/>
        <line num="22" count="0" type="stmt"/>
        <line num="24" count="0" type="stmt"/>
        <line num="25" count="0" type="cond" truecount="0" falsecount="2"/>
        <line num="26" count="0" type="stmt"/>
        <line num="31" count="0" type="stmt"/>
        <line num="32" count="0" type="stmt"/>
        <line num="33" count="0" type="stmt"/>
        <line num="34" count="0" type="stmt"/>
        <line num="36" count="0" type="stmt"/>
        <line num="40" count="0" type="stmt"/>
        <line num="41" count="0" type="stmt"/>
        <line num="42" count="0" type="stmt"/>
      </file>
      <file name="GatewayAction.ts" path="/Users/s.meyer/projects/dragonquest/src/gameplay/worldaction/GatewayAction.ts">
        <metrics statements="11" coveredstatements="0" conditionals="4" coveredconditionals="0" methods="2" coveredmethods="0"/>
        <line num="4" count="0" type="stmt"/>
        <line num="5" count="0" type="stmt"/>
        <line num="6" count="0" type="stmt"/>
        <line num="10" count="0" type="stmt"/>
        <line num="12" count="0" type="cond" truecount="0" falsecount="2"/>
        <line num="13" count="0" type="stmt"/>
        <line num="15" count="0" type="stmt"/>
        <line num="19" count="0" type="stmt"/>
        <line num="20" count="0" type="cond" truecount="0" falsecount="2"/>
        <line num="21" count="0" type="stmt"/>
        <line num="23" count="0" type="stmt"/>
      </file>
      <file name="ItemAction.ts" path="/Users/s.meyer/projects/dragonquest/src/gameplay/worldaction/ItemAction.ts">
        <metrics statements="0" coveredstatements="0" conditionals="0" coveredconditionals="0" methods="0" coveredmethods="0"/>
      </file>
      <file name="LayerAction.ts" path="/Users/s.meyer/projects/dragonquest/src/gameplay/worldaction/LayerAction.ts">
        <metrics statements="0" coveredstatements="0" conditionals="0" coveredconditionals="0" methods="0" coveredmethods="0"/>
      </file>
      <file name="LayerObject.ts" path="/Users/s.meyer/projects/dragonquest/src/gameplay/worldaction/LayerObject.ts">
        <metrics statements="21" coveredstatements="0" conditionals="8" coveredconditionals="0" methods="14" coveredmethods="0"/>
        <line num="18" count="0" type="cond" truecount="0" falsecount="2"/>
        <line num="19" count="0" type="stmt"/>
        <line num="21" count="0" type="stmt"/>
        <line num="22" count="0" type="cond" truecount="0" falsecount="2"/>
        <line num="23" count="0" type="stmt"/>
        <line num="25" count="0" type="stmt"/>
        <line num="27" count="0" type="stmt"/>
        <line num="31" count="0" type="stmt"/>
        <line num="35" count="0" type="stmt"/>
        <line num="36" count="0" type="cond" truecount="0" falsecount="4"/>
        <line num="37" count="0" type="stmt"/>
        <line num="39" count="0" type="stmt"/>
        <line num="43" count="0" type="stmt"/>
        <line num="44" count="0" type="stmt"/>
        <line num="45" count="0" type="stmt"/>
        <line num="47" count="0" type="stmt"/>
        <line num="51" count="0" type="stmt"/>
        <line num="55" count="0" type="stmt"/>
        <line num="59" count="0" type="stmt"/>
        <line num="63" count="0" type="stmt"/>
        <line num="67" count="0" type="stmt"/>
      </file>
      <file name="MonsterAction.ts" path="/Users/s.meyer/projects/dragonquest/src/gameplay/worldaction/MonsterAction.ts">
        <metrics statements="24" coveredstatements="0" conditionals="12" coveredconditionals="0" methods="6" coveredmethods="0"/>
        <line num="6" count="0" type="stmt"/>
        <line num="7" count="0" type="stmt"/>
        <line num="8" count="0" type="cond" truecount="0" falsecount="2"/>
        <line num="9" count="0" type="stmt"/>
        <line num="11" count="0" type="stmt"/>
        <line num="12" count="0" type="stmt"/>
        <line num="13" count="0" type="stmt"/>
        <line num="14" count="0" type="cond" truecount="0" falsecount="4"/>
        <line num="15" count="0" type="stmt"/>
        <line num="19" count="0" type="stmt"/>
        <line num="20" count="0" type="stmt"/>
        <line num="25" count="0" type="stmt"/>
        <line num="26" count="0" type="stmt"/>
        <line num="27" count="0" type="stmt"/>
        <line num="28" count="0" type="stmt"/>
        <line num="31" count="0" type="stmt"/>
        <line num="32" count="0" type="stmt"/>
        <line num="33" count="0" type="stmt"/>
        <line num="37" count="0" type="stmt"/>
        <line num="39" count="0" type="stmt"/>
        <line num="42" count="0" type="cond" truecount="0" falsecount="4"/>
        <line num="43" count="0" type="stmt"/>
        <line num="44" count="0" type="cond" truecount="0" falsecount="2"/>
        <line num="45" count="0" type="stmt"/>
      </file>
      <file name="MonsterActionState.ts" path="/Users/s.meyer/projects/dragonquest/src/gameplay/worldaction/MonsterActionState.ts">
        <metrics statements="11" coveredstatements="0" conditionals="6" coveredconditionals="0" methods="6" coveredmethods="0"/>
        <line num="10" count="0" type="stmt"/>
        <line num="18" count="0" type="stmt"/>
        <line num="19" count="0" type="stmt"/>
        <line num="20" count="0" type="cond" truecount="0" falsecount="2"/>
        <line num="21" count="0" type="stmt"/>
        <line num="26" count="0" type="stmt"/>
        <line num="34" count="0" type="cond" truecount="0" falsecount="4"/>
        <line num="35" count="0" type="stmt"/>
        <line num="38" count="0" type="stmt"/>
        <line num="39" count="0" type="stmt"/>
        <line num="43" count="0" type="stmt"/>
      </file>
      <file name="PickupAction.ts" path="/Users/s.meyer/projects/dragonquest/src/gameplay/worldaction/PickupAction.ts">
        <metrics statements="12" coveredstatements="0" conditionals="4" coveredconditionals="0" methods="5" coveredmethods="0"/>
        <line num="5" count="0" type="stmt"/>
        <line num="10" count="0" type="stmt"/>
        <line num="15" count="0" type="stmt"/>
        <line num="18" count="0" type="stmt"/>
        <line num="19" count="0" type="cond" truecount="0" falsecount="2"/>
        <line num="20" count="0" type="stmt"/>
        <line num="21" count="0" type="stmt"/>
        <line num="29" count="0" type="stmt"/>
        <line num="30" count="0" type="cond" truecount="0" falsecount="2"/>
        <line num="31" count="0" type="stmt"/>
        <line num="33" count="0" type="stmt"/>
        <line num="34" count="0" type="stmt"/>
      </file>
    </package>
    <package name="src.gui">
      <metrics statements="36" coveredstatements="0" conditionals="4" coveredconditionals="0" methods="16" coveredmethods="0"/>
      <file name="List.ts" path="/Users/s.meyer/projects/dragonquest/src/gui/List.ts">
        <metrics statements="0" coveredstatements="0" conditionals="0" coveredconditionals="0" methods="0" coveredmethods="0"/>
      </file>
      <file name="Property.ts" path="/Users/s.meyer/projects/dragonquest/src/gui/Property.ts">
        <metrics statements="0" coveredstatements="0" conditionals="0" coveredconditionals="0" methods="0" coveredmethods="0"/>
      </file>
      <file name="SelectableText.ts" path="/Users/s.meyer/projects/dragonquest/src/gui/SelectableText.ts">
        <metrics statements="0" coveredstatements="0" conditionals="0" coveredconditionals="0" methods="0" coveredmethods="0"/>
      </file>
      <file name="Table.ts" path="/Users/s.meyer/projects/dragonquest/src/gui/Table.ts">
        <metrics statements="36" coveredstatements="0" conditionals="4" coveredconditionals="0" methods="16" coveredmethods="0"/>
        <line num="8" count="0" type="cond" truecount="0" falsecount="2"/>
        <line num="9" count="0" type="stmt"/>
        <line num="11" count="0" type="stmt"/>
        <line num="15" count="0" type="stmt"/>
        <line num="21" count="0" type="cond" truecount="0" falsecount="2"/>
        <line num="22" count="0" type="stmt"/>
        <line num="23" count="0" type="stmt"/>
        <line num="30" count="0" type="stmt"/>
        <line num="35" count="0" type="stmt"/>
        <line num="39" count="0" type="stmt"/>
        <line num="53" count="0" type="stmt"/>
        <line num="54" count="0" type="stmt"/>
        <line num="56" count="0" type="stmt"/>
        <line num="57" count="0" type="stmt"/>
        <line num="58" count="0" type="stmt"/>
        <line num="63" count="0" type="stmt"/>
        <line num="64" count="0" type="stmt"/>
        <line num="65" count="0" type="stmt"/>
        <line num="69" count="0" type="stmt"/>
        <line num="70" count="0" type="stmt"/>
        <line num="71" count="0" type="stmt"/>
        <line num="72" count="0" type="stmt"/>
        <line num="74" count="0" type="stmt"/>
        <line num="75" count="0" type="stmt"/>
        <line num="77" count="0" type="stmt"/>
        <line num="79" count="0" type="stmt"/>
        <line num="80" count="0" type="stmt"/>
        <line num="81" count="0" type="stmt"/>
        <line num="82" count="0" type="stmt"/>
        <line num="95" count="0" type="stmt"/>
        <line num="96" count="0" type="stmt"/>
        <line num="97" count="0" type="stmt"/>
        <line num="98" count="0" type="stmt"/>
        <line num="99" count="0" type="stmt"/>
        <line num="110" count="0" type="stmt"/>
        <line num="111" count="0" type="stmt"/>
      </file>
    </package>
    <package name="src.menu">
      <metrics statements="59" coveredstatements="0" conditionals="10" coveredconditionals="0" methods="20" coveredmethods="0"/>
      <file name="ActionsMenu.ts" path="/Users/s.meyer/projects/dragonquest/src/menu/ActionsMenu.ts">
        <metrics statements="5" coveredstatements="0" conditionals="0" coveredconditionals="0" methods="2" coveredmethods="0"/>
        <line num="6" count="0" type="stmt"/>
        <line num="10" count="0" type="stmt"/>
        <line num="11" count="0" type="stmt"/>
        <line num="12" count="0" type="stmt"/>
        <line num="13" count="0" type="stmt"/>
      </file>
      <file name="CharacterStats.ts" path="/Users/s.meyer/projects/dragonquest/src/menu/CharacterStats.ts">
        <metrics statements="12" coveredstatements="0" conditionals="2" coveredconditionals="0" methods="5" coveredmethods="0"/>
        <line num="9" count="0" type="stmt"/>
        <line num="29" count="0" type="stmt"/>
        <line num="31" count="0" type="stmt"/>
        <line num="33" count="0" type="stmt"/>
        <line num="34" count="0" type="stmt"/>
        <line num="39" count="0" type="stmt"/>
        <line num="40" count="0" type="stmt"/>
        <line num="53" count="0" type="stmt"/>
        <line num="60" count="0" type="stmt"/>
        <line num="64" count="0" type="cond" truecount="0" falsecount="2"/>
        <line num="65" count="0" type="stmt"/>
        <line num="66" count="0" type="stmt"/>
      </file>
      <file name="Menu.ts" path="/Users/s.meyer/projects/dragonquest/src/menu/Menu.ts">
        <metrics statements="39" coveredstatements="0" conditionals="8" coveredconditionals="0" methods="10" coveredmethods="0"/>
        <line num="6" count="0" type="stmt"/>
        <line num="7" count="0" type="stmt"/>
        <line num="9" count="0" type="stmt"/>
        <line num="10" count="0" type="stmt"/>
        <line num="11" count="0" type="stmt"/>
        <line num="12" count="0" type="stmt"/>
        <line num="13" count="0" type="stmt"/>
        <line num="14" count="0" type="stmt"/>
        <line num="18" count="0" type="stmt"/>
        <line num="19" count="0" type="stmt"/>
        <line num="25" count="0" type="stmt"/>
        <line num="26" count="0" type="stmt"/>
        <line num="30" count="0" type="stmt"/>
        <line num="31" count="0" type="stmt"/>
        <line num="32" count="0" type="cond" truecount="0" falsecount="2"/>
        <line num="33" count="0" type="stmt"/>
        <line num="35" count="0" type="stmt"/>
        <line num="39" count="0" type="stmt"/>
        <line num="40" count="0" type="stmt"/>
        <line num="41" count="0" type="cond" truecount="0" falsecount="2"/>
        <line num="42" count="0" type="stmt"/>
        <line num="44" count="0" type="stmt"/>
        <line num="49" count="0" type="cond" truecount="0" falsecount="2"/>
        <line num="50" count="0" type="stmt"/>
        <line num="52" count="0" type="stmt"/>
        <line num="53" count="0" type="stmt"/>
        <line num="54" count="0" type="stmt"/>
        <line num="59" count="0" type="stmt"/>
        <line num="60" count="0" type="stmt"/>
        <line num="68" count="0" type="stmt"/>
        <line num="69" count="0" type="stmt"/>
        <line num="71" count="0" type="stmt"/>
        <line num="72" count="0" type="stmt"/>
        <line num="76" count="0" type="cond" truecount="0" falsecount="2"/>
        <line num="77" count="0" type="stmt"/>
        <line num="78" count="0" type="stmt"/>
        <line num="79" count="0" type="stmt"/>
        <line num="85" count="0" type="stmt"/>
        <line num="86" count="0" type="stmt"/>
      </file>
      <file name="MenuItem.ts" path="/Users/s.meyer/projects/dragonquest/src/menu/MenuItem.ts">
        <metrics statements="3" coveredstatements="0" conditionals="0" coveredconditionals="0" methods="3" coveredmethods="0"/>
        <line num="5" count="0" type="stmt"/>
        <line num="13" count="0" type="stmt"/>
        <line num="17" count="0" type="stmt"/>
      </file>
    </package>
    <package name="src.scenes">
      <metrics statements="311" coveredstatements="0" conditionals="90" coveredconditionals="0" methods="53" coveredmethods="0"/>
      <file name="AbstractWorld.ts" path="/Users/s.meyer/projects/dragonquest/src/scenes/AbstractWorld.ts">
        <metrics statements="108" coveredstatements="0" conditionals="44" coveredconditionals="0" methods="11" coveredmethods="0"/>
        <line num="16" count="0" type="stmt"/>
        <line num="18" count="0" type="stmt"/>
        <line num="21" count="0" type="stmt"/>
        <line num="22" count="0" type="stmt"/>
        <line num="24" count="0" type="stmt"/>
        <line num="25" count="0" type="stmt"/>
        <line num="26" count="0" type="stmt"/>
        <line num="27" count="0" type="stmt"/>
        <line num="31" count="0" type="stmt"/>
        <line num="35" count="0" type="cond" truecount="0" falsecount="2"/>
        <line num="39" count="0" type="stmt"/>
        <line num="41" count="0" type="stmt"/>
        <line num="43" count="0" type="stmt"/>
        <line num="45" count="0" type="stmt"/>
        <line num="48" count="0" type="stmt"/>
        <line num="58" count="0" type="stmt"/>
        <line num="66" count="0" type="stmt"/>
        <line num="74" count="0" type="stmt"/>
        <line num="84" count="0" type="stmt"/>
        <line num="85" count="0" type="stmt"/>
        <line num="86" count="0" type="stmt"/>
        <line num="88" count="0" type="stmt"/>
        <line num="89" count="0" type="stmt"/>
        <line num="90" count="0" type="stmt"/>
        <line num="91" count="0" type="stmt"/>
        <line num="94" count="0" type="stmt"/>
        <line num="95" count="0" type="stmt"/>
        <line num="96" count="0" type="stmt"/>
        <line num="97" count="0" type="stmt"/>
        <line num="100" count="0" type="stmt"/>
        <line num="104" count="0" type="cond" truecount="0" falsecount="2"/>
        <line num="105" count="0" type="stmt"/>
        <line num="106" count="0" type="stmt"/>
        <line num="107" count="0" type="stmt"/>
        <line num="111" count="0" type="stmt"/>
        <line num="115" count="0" type="cond" truecount="0" falsecount="2"/>
        <line num="116" count="0" type="stmt"/>
        <line num="117" count="0" type="stmt"/>
        <line num="118" count="0" type="stmt"/>
        <line num="126" count="0" type="stmt"/>
        <line num="128" count="0" type="stmt"/>
        <line num="129" count="0" type="stmt"/>
        <line num="132" count="0" type="stmt"/>
        <line num="133" count="0" type="stmt"/>
        <line num="134" count="0" type="stmt"/>
        <line num="137" count="0" type="stmt"/>
        <line num="143" count="0" type="stmt"/>
        <line num="144" count="0" type="stmt"/>
        <line num="147" count="0" type="stmt"/>
        <line num="148" count="0" type="stmt"/>
        <line num="150" count="0" type="stmt"/>
        <line num="151" count="0" type="stmt"/>
        <line num="152" count="0" type="stmt"/>
        <line num="154" count="0" type="stmt"/>
        <line num="155" count="0" type="stmt"/>
        <line num="156" count="0" type="stmt"/>
        <line num="158" count="0" type="stmt"/>
        <line num="159" count="0" type="stmt"/>
        <line num="160" count="0" type="cond" truecount="0" falsecount="4"/>
        <line num="161" count="0" type="stmt"/>
        <line num="163" count="0" type="stmt"/>
        <line num="164" count="0" type="stmt"/>
        <line num="165" count="0" type="stmt"/>
        <line num="166" count="0" type="stmt"/>
        <line num="167" count="0" type="stmt"/>
        <line num="172" count="0" type="cond" truecount="0" falsecount="2"/>
        <line num="173" count="0" type="stmt"/>
        <line num="174" count="0" type="cond" truecount="0" falsecount="2"/>
        <line num="175" count="0" type="stmt"/>
        <line num="179" count="0" type="stmt"/>
        <line num="188" count="0" type="cond" truecount="0" falsecount="4"/>
        <line num="189" count="0" type="stmt"/>
        <line num="192" count="0" type="cond" truecount="0" falsecount="2"/>
        <line num="193" count="0" type="stmt"/>
        <line num="194" count="0" type="stmt"/>
        <line num="195" count="0" type="stmt"/>
        <line num="198" count="0" type="stmt"/>
        <line num="201" count="0" type="cond" truecount="0" falsecount="2"/>
        <line num="202" count="0" type="stmt"/>
        <line num="203" count="0" type="cond" truecount="0" falsecount="2"/>
        <line num="204" count="0" type="stmt"/>
        <line num="208" count="0" type="cond" truecount="0" falsecount="2"/>
        <line num="209" count="0" type="stmt"/>
        <line num="210" count="0" type="cond" truecount="0" falsecount="2"/>
        <line num="211" count="0" type="stmt"/>
        <line num="215" count="0" type="cond" truecount="0" falsecount="2"/>
        <line num="216" count="0" type="stmt"/>
        <line num="217" count="0" type="stmt"/>
        <line num="218" count="0" type="cond" truecount="0" falsecount="2"/>
        <line num="219" count="0" type="stmt"/>
        <line num="220" count="0" type="stmt"/>
        <line num="221" count="0" type="cond" truecount="0" falsecount="2"/>
        <line num="222" count="0" type="stmt"/>
        <line num="223" count="0" type="cond" truecount="0" falsecount="2"/>
        <line num="224" count="0" type="stmt"/>
        <line num="226" count="0" type="stmt"/>
        <line num="231" count="0" type="cond" truecount="0" falsecount="4"/>
        <line num="232" count="0" type="stmt"/>
        <line num="235" count="0" type="cond" truecount="0" falsecount="4"/>
        <line num="236" count="0" type="stmt"/>
        <line num="238" count="0" type="stmt"/>
        <line num="239" count="0" type="stmt"/>
        <line num="240" count="0" type="stmt"/>
        <line num="242" count="0" type="stmt"/>
        <line num="243" count="0" type="stmt"/>
        <line num="244" count="0" type="stmt"/>
        <line num="245" count="0" type="stmt"/>
        <line num="246" count="0" type="stmt"/>
      </file>
      <file name="Battle.ts" path="/Users/s.meyer/projects/dragonquest/src/scenes/Battle.ts">
        <metrics statements="99" coveredstatements="0" conditionals="30" coveredconditionals="0" methods="16" coveredmethods="0"/>
        <line num="8" count="0" type="stmt"/>
        <line num="9" count="0" type="stmt"/>
        <line num="10" count="0" type="stmt"/>
        <line num="11" count="0" type="stmt"/>
        <line num="12" count="0" type="stmt"/>
        <line num="13" count="0" type="stmt"/>
        <line num="14" count="0" type="stmt"/>
        <line num="15" count="0" type="stmt"/>
        <line num="17" count="0" type="stmt"/>
        <line num="21" count="0" type="stmt"/>
        <line num="23" count="0" type="stmt"/>
        <line num="26" count="0" type="stmt"/>
        <line num="27" count="0" type="stmt"/>
        <line num="29" count="0" type="cond" truecount="0" falsecount="2"/>
        <line num="30" count="0" type="stmt"/>
        <line num="32" count="0" type="stmt"/>
        <line num="36" count="0" type="stmt"/>
        <line num="37" count="0" type="stmt"/>
        <line num="38" count="0" type="stmt"/>
        <line num="44" count="0" type="stmt"/>
        <line num="45" count="0" type="stmt"/>
        <line num="48" count="0" type="stmt"/>
        <line num="49" count="0" type="stmt"/>
        <line num="50" count="0" type="stmt"/>
        <line num="56" count="0" type="stmt"/>
        <line num="57" count="0" type="stmt"/>
        <line num="61" count="0" type="stmt"/>
        <line num="63" count="0" type="stmt"/>
        <line num="65" count="0" type="stmt"/>
        <line num="66" count="0" type="stmt"/>
        <line num="67" count="0" type="stmt"/>
        <line num="71" count="0" type="stmt"/>
        <line num="72" count="0" type="stmt"/>
        <line num="73" count="0" type="stmt"/>
        <line num="74" count="0" type="stmt"/>
        <line num="76" count="0" type="stmt"/>
        <line num="78" count="0" type="stmt"/>
        <line num="86" count="0" type="stmt"/>
        <line num="87" count="0" type="cond" truecount="0" falsecount="2"/>
        <line num="88" count="0" type="stmt"/>
        <line num="90" count="0" type="cond" truecount="0" falsecount="2"/>
        <line num="91" count="0" type="stmt"/>
        <line num="92" count="0" type="stmt"/>
        <line num="97" count="0" type="cond" truecount="0" falsecount="2"/>
        <line num="98" count="0" type="stmt"/>
        <line num="99" count="0" type="stmt"/>
        <line num="105" count="0" type="stmt"/>
        <line num="107" count="0" type="cond" truecount="0" falsecount="2"/>
        <line num="108" count="0" type="stmt"/>
        <line num="110" count="0" type="stmt"/>
        <line num="111" count="0" type="cond" truecount="0" falsecount="2"/>
        <line num="113" count="0" type="cond" truecount="0" falsecount="2"/>
        <line num="114" count="0" type="cond" truecount="0" falsecount="2"/>
        <line num="115" count="0" type="stmt"/>
        <line num="118" count="0" type="stmt"/>
        <line num="119" count="0" type="stmt"/>
        <line num="120" count="0" type="stmt"/>
        <line num="124" count="0" type="stmt"/>
        <line num="130" count="0" type="stmt"/>
        <line num="138" count="0" type="stmt"/>
        <line num="139" count="0" type="stmt"/>
        <line num="141" count="0" type="stmt"/>
        <line num="144" count="0" type="stmt"/>
        <line num="145" count="0" type="stmt"/>
        <line num="146" count="0" type="stmt"/>
        <line num="148" count="0" type="stmt"/>
        <line num="150" count="0" type="stmt"/>
        <line num="151" count="0" type="cond" truecount="0" falsecount="2"/>
        <line num="152" count="0" type="stmt"/>
        <line num="154" count="0" type="stmt"/>
        <line num="160" count="0" type="stmt"/>
        <line num="173" count="0" type="stmt"/>
        <line num="174" count="0" type="stmt"/>
        <line num="175" count="0" type="stmt"/>
        <line num="176" count="0" type="stmt"/>
        <line num="180" count="0" type="stmt"/>
        <line num="188" count="0" type="stmt"/>
        <line num="189" count="0" type="stmt"/>
        <line num="193" count="0" type="stmt"/>
        <line num="194" count="0" type="stmt"/>
        <line num="195" count="0" type="stmt"/>
        <line num="196" count="0" type="stmt"/>
        <line num="197" count="0" type="stmt"/>
        <line num="198" count="0" type="cond" truecount="0" falsecount="2"/>
        <line num="199" count="0" type="stmt"/>
        <line num="202" count="0" type="stmt"/>
        <line num="206" count="0" type="cond" truecount="0" falsecount="2"/>
        <line num="207" count="0" type="cond" truecount="0" falsecount="2"/>
        <line num="208" count="0" type="stmt"/>
        <line num="209" count="0" type="stmt"/>
        <line num="210" count="0" type="cond" truecount="0" falsecount="2"/>
        <line num="211" count="0" type="stmt"/>
        <line num="214" count="0" type="stmt"/>
        <line num="218" count="0" type="cond" truecount="0" falsecount="2"/>
        <line num="219" count="0" type="stmt"/>
        <line num="220" count="0" type="stmt"/>
        <line num="221" count="0" type="cond" truecount="0" falsecount="2"/>
        <line num="222" count="0" type="stmt"/>
        <line num="225" count="0" type="stmt"/>
      </file>
      <file name="Boot.ts" path="/Users/s.meyer/projects/dragonquest/src/scenes/Boot.ts">
        <metrics statements="27" coveredstatements="0" conditionals="2" coveredconditionals="0" methods="5" coveredmethods="0"/>
        <line num="12" count="0" type="stmt"/>
        <line num="17" count="0" type="stmt"/>
        <line num="18" count="0" type="stmt"/>
        <line num="22" count="0" type="stmt"/>
        <line num="26" count="0" type="stmt"/>
        <line num="30" count="0" type="stmt"/>
        <line num="34" count="0" type="stmt"/>
        <line num="38" count="0" type="stmt"/>
        <line num="42" count="0" type="stmt"/>
        <line num="46" count="0" type="stmt"/>
        <line num="51" count="0" type="stmt"/>
        <line num="52" count="0" type="stmt"/>
        <line num="54" count="0" type="stmt"/>
        <line num="55" count="0" type="stmt"/>
        <line num="60" count="0" type="stmt"/>
        <line num="65" count="0" type="stmt"/>
        <line num="69" count="0" type="stmt"/>
        <line num="75" count="0" type="stmt"/>
        <line num="76" count="0" type="stmt"/>
        <line num="78" count="0" type="stmt"/>
        <line num="79" count="0" type="cond" truecount="0" falsecount="2"/>
        <line num="80" count="0" type="stmt"/>
        <line num="81" count="0" type="stmt"/>
        <line num="83" count="0" type="stmt"/>
        <line num="89" count="0" type="stmt"/>
        <line num="91" count="0" type="stmt"/>
        <line num="100" count="0" type="stmt"/>
      </file>
      <file name="Castle.ts" path="/Users/s.meyer/projects/dragonquest/src/scenes/Castle.ts">
        <metrics statements="2" coveredstatements="0" conditionals="0" coveredconditionals="0" methods="2" coveredmethods="0"/>
        <line num="5" count="0" type="stmt"/>
        <line num="9" count="0" type="stmt"/>
      </file>
      <file name="Inventory.ts" path="/Users/s.meyer/projects/dragonquest/src/scenes/Inventory.ts">
        <metrics statements="22" coveredstatements="0" conditionals="2" coveredconditionals="0" methods="6" coveredmethods="0"/>
        <line num="7" count="0" type="stmt"/>
        <line num="10" count="0" type="stmt"/>
        <line num="13" count="0" type="stmt"/>
        <line num="14" count="0" type="stmt"/>
        <line num="15" count="0" type="stmt"/>
        <line num="17" count="0" type="stmt"/>
        <line num="19" count="0" type="stmt"/>
        <line num="23" count="0" type="stmt"/>
        <line num="31" count="0" type="stmt"/>
        <line num="32" count="0" type="stmt"/>
        <line num="33" count="0" type="stmt"/>
        <line num="34" count="0" type="stmt"/>
        <line num="35" count="0" type="stmt"/>
        <line num="36" count="0" type="stmt"/>
        <line num="37" count="0" type="stmt"/>
        <line num="40" count="0" type="stmt"/>
        <line num="44" count="0" type="stmt"/>
        <line num="45" count="0" type="stmt"/>
        <line num="46" count="0" type="stmt"/>
        <line num="50" count="0" type="cond" truecount="0" falsecount="2"/>
        <line num="51" count="0" type="stmt"/>
        <line num="52" count="0" type="stmt"/>
      </file>
      <file name="Road.ts" path="/Users/s.meyer/projects/dragonquest/src/scenes/Road.ts">
        <metrics statements="2" coveredstatements="0" conditionals="0" coveredconditionals="0" methods="2" coveredmethods="0"/>
        <line num="5" count="0" type="stmt"/>
        <line num="11" count="0" type="stmt"/>
      </file>
      <file name="UiScene.ts" path="/Users/s.meyer/projects/dragonquest/src/scenes/UiScene.ts">
        <metrics statements="40" coveredstatements="0" conditionals="10" coveredconditionals="0" methods="5" coveredmethods="0"/>
        <line num="14" count="0" type="stmt"/>
        <line num="18" count="0" type="stmt"/>
        <line num="19" count="0" type="stmt"/>
        <line num="20" count="0" type="stmt"/>
        <line num="21" count="0" type="stmt"/>
        <line num="22" count="0" type="stmt"/>
        <line num="28" count="0" type="stmt"/>
        <line num="34" count="0" type="stmt"/>
        <line num="40" count="0" type="stmt"/>
        <line num="48" count="0" type="stmt"/>
        <line num="50" count="0" type="stmt"/>
        <line num="51" count="0" type="stmt"/>
        <line num="53" count="0" type="stmt"/>
        <line num="54" count="0" type="stmt"/>
        <line num="57" count="0" type="stmt"/>
        <line num="58" count="0" type="stmt"/>
        <line num="61" count="0" type="stmt"/>
        <line num="62" count="0" type="stmt"/>
        <line num="64" count="0" type="stmt"/>
        <line num="66" count="0" type="stmt"/>
        <line num="67" count="0" type="stmt"/>
        <line num="73" count="0" type="stmt"/>
        <line num="74" count="0" type="stmt"/>
        <line num="77" count="0" type="stmt"/>
        <line num="81" count="0" type="stmt"/>
        <line num="82" count="0" type="cond" truecount="0" falsecount="2"/>
        <line num="83" count="0" type="stmt"/>
        <line num="85" count="0" type="stmt"/>
        <line num="86" count="0" type="stmt"/>
        <line num="87" count="0" type="stmt"/>
        <line num="91" count="0" type="stmt"/>
        <line num="92" count="0" type="stmt"/>
        <line num="93" count="0" type="stmt"/>
        <line num="97" count="0" type="cond" truecount="0" falsecount="2"/>
        <line num="98" count="0" type="cond" truecount="0" falsecount="2"/>
        <line num="99" count="0" type="stmt"/>
        <line num="100" count="0" type="cond" truecount="0" falsecount="2"/>
        <line num="101" count="0" type="stmt"/>
        <line num="102" count="0" type="cond" truecount="0" falsecount="2"/>
        <line num="103" count="0" type="stmt"/>
      </file>
      <file name="World.ts" path="/Users/s.meyer/projects/dragonquest/src/scenes/World.ts">
        <metrics statements="2" coveredstatements="0" conditionals="0" coveredconditionals="0" methods="3" coveredmethods="0"/>
        <line num="5" count="0" type="stmt"/>
        <line num="11" count="0" type="stmt"/>
      </file>
      <file name="WorldUiScene.ts" path="/Users/s.meyer/projects/dragonquest/src/scenes/WorldUiScene.ts">
        <metrics statements="9" coveredstatements="0" conditionals="2" coveredconditionals="0" methods="3" coveredmethods="0"/>
        <line num="6" count="0" type="stmt"/>
        <line num="9" count="0" type="stmt"/>
        <line num="14" count="0" type="stmt"/>
        <line num="15" count="0" type="stmt"/>
        <line num="16" count="0" type="cond" truecount="0" falsecount="2"/>
        <line num="17" count="0" type="stmt"/>
        <line num="18" count="0" type="stmt"/>
        <line num="19" count="0" type="stmt"/>
        <line num="25" count="0" type="stmt"/>
      </file>
    </package>
    <package name="src.sprites">
      <metrics statements="51" coveredstatements="15" conditionals="10" coveredconditionals="5" methods="18" coveredmethods="9"/>
      <file name="CharacterDisplay.ts" path="/Users/s.meyer/projects/dragonquest/src/sprites/CharacterDisplay.ts">
        <metrics statements="29" coveredstatements="0" conditionals="2" coveredconditionals="0" methods="5" coveredmethods="0"/>
        <line num="10" count="0" type="stmt"/>
        <line num="11" count="0" type="stmt"/>
        <line num="12" count="0" type="stmt"/>
        <line num="13" count="0" type="stmt"/>
        <line num="15" count="0" type="stmt"/>
        <line num="19" count="0" type="stmt"/>
        <line num="20" count="0" type="stmt"/>
        <line num="21" count="0" type="stmt"/>
        <line num="22" count="0" type="stmt"/>
        <line num="24" count="0" type="stmt"/>
        <line num="28" count="0" type="stmt"/>
        <line num="29" count="0" type="stmt"/>
        <line num="30" count="0" type="stmt"/>
        <line num="31" count="0" type="stmt"/>
        <line num="33" count="0" type="stmt"/>
        <line num="34" count="0" type="stmt"/>
        <line num="35" count="0" type="stmt"/>
        <line num="36" count="0" type="stmt"/>
        <line num="37" count="0" type="stmt"/>
        <line num="44" count="0" type="stmt"/>
        <line num="48" count="0" type="stmt"/>
        <line num="52" count="0" type="cond" truecount="0" falsecount="2"/>
        <line num="53" count="0" type="stmt"/>
        <line num="56" count="0" type="stmt"/>
        <line num="60" count="0" type="stmt"/>
        <line num="61" count="0" type="stmt"/>
        <line num="65" count="0" type="stmt"/>
        <line num="66" count="0" type="stmt"/>
        <line num="71" count="0" type="stmt"/>
      </file>
      <file name="Enemy.ts" path="/Users/s.meyer/projects/dragonquest/src/sprites/Enemy.ts">
        <metrics statements="0" coveredstatements="0" conditionals="0" coveredconditionals="0" methods="0" coveredmethods="0"/>
      </file>
      <file name="Unit.ts" path="/Users/s.meyer/projects/dragonquest/src/sprites/Unit.ts">
        <metrics statements="22" coveredstatements="15" conditionals="8" coveredconditionals="5" methods="13" coveredmethods="9"/>
        <line num="8" count="1" type="stmt"/>
        <line num="29" count="4" type="stmt"/>
        <line num="30" count="4" type="stmt"/>
        <line num="31" count="4" type="stmt"/>
        <line num="32" count="4" type="stmt"/>
        <line num="33" count="4" type="stmt"/>
        <line num="38" count="4" type="cond" truecount="3" falsecount="1"/>
        <line num="39" count="0" type="stmt"/>
        <line num="41" count="4" type="stmt"/>
        <line num="48" count="43" type="stmt"/>
        <line num="52" count="0" type="stmt"/>
        <line num="53" count="0" type="cond" truecount="0" falsecount="2"/>
        <line num="54" count="0" type="stmt"/>
        <line num="59" count="2" type="stmt"/>
        <line num="60" count="2" type="cond" truecount="2" falsecount="0"/>
        <line num="61" count="1" type="stmt"/>
        <line num="66" count="0" type="stmt"/>
        <line num="70" count="189" type="stmt"/>
        <line num="74" count="0" type="stmt"/>
        <line num="78" count="2" type="stmt"/>
        <line num="82" count="87" type="stmt"/>
        <line num="88" count="0" type="stmt"/>
      </file>
    </package>
    <package name="src.sprites.items">
      <metrics statements="16" coveredstatements="0" conditionals="0" coveredconditionals="0" methods="7" coveredmethods="0"/>
      <file name="Food.ts" path="/Users/s.meyer/projects/dragonquest/src/sprites/items/Food.ts">
        <metrics statements="5" coveredstatements="0" conditionals="0" coveredconditionals="0" methods="2" coveredmethods="0"/>
        <line num="5" count="0" type="stmt"/>
        <line num="7" count="0" type="stmt"/>
        <line num="8" count="0" type="stmt"/>
        <line num="12" count="0" type="stmt"/>
        <line num="13" count="0" type="stmt"/>
      </file>
      <file name="Gold.ts" path="/Users/s.meyer/projects/dragonquest/src/sprites/items/Gold.ts">
        <metrics statements="5" coveredstatements="0" conditionals="0" coveredconditionals="0" methods="2" coveredmethods="0"/>
        <line num="5" count="0" type="stmt"/>
        <line num="8" count="0" type="stmt"/>
        <line num="9" count="0" type="stmt"/>
        <line num="13" count="0" type="stmt"/>
        <line num="14" count="0" type="stmt"/>
      </file>
      <file name="Item.ts" path="/Users/s.meyer/projects/dragonquest/src/sprites/items/Item.ts">
        <metrics statements="6" coveredstatements="0" conditionals="0" coveredconditionals="0" methods="3" coveredmethods="0"/>
        <line num="5" count="0" type="stmt"/>
        <line num="12" count="0" type="stmt"/>
        <line num="13" count="0" type="stmt"/>
        <line num="17" count="0" type="stmt"/>
        <line num="18" count="0" type="stmt"/>
        <line num="19" count="0" type="stmt"/>
      </file>
    </package>
    <package name="src.tile">
      <metrics statements="80" coveredstatements="0" conditionals="40" coveredconditionals="0" methods="20" coveredmethods="0"/>
      <file name="Layer.ts" path="/Users/s.meyer/projects/dragonquest/src/tile/Layer.ts">
        <metrics statements="0" coveredstatements="0" conditionals="0" coveredconditionals="0" methods="0" coveredmethods="0"/>
      </file>
      <file name="MapConfig.ts" path="/Users/s.meyer/projects/dragonquest/src/tile/MapConfig.ts">
        <metrics statements="0" coveredstatements="0" conditionals="0" coveredconditionals="0" methods="0" coveredmethods="0"/>
      </file>
      <file name="TileLayerFactory.ts" path="/Users/s.meyer/projects/dragonquest/src/tile/TileLayerFactory.ts">
        <metrics statements="80" coveredstatements="0" conditionals="40" coveredconditionals="0" methods="20" coveredmethods="0"/>
        <line num="17" count="0" type="stmt"/>
        <line num="20" count="0" type="stmt"/>
        <line num="21" count="0" type="stmt"/>
        <line num="27" count="0" type="stmt"/>
        <line num="28" count="0" type="cond" truecount="0" falsecount="2"/>
        <line num="29" count="0" type="stmt"/>
        <line num="30" count="0" type="stmt"/>
        <line num="31" count="0" type="stmt"/>
        <line num="32" count="0" type="stmt"/>
        <line num="33" count="0" type="stmt"/>
        <line num="38" count="0" type="stmt"/>
        <line num="40" count="0" type="stmt"/>
        <line num="41" count="0" type="stmt"/>
        <line num="42" count="0" type="stmt"/>
        <line num="49" count="0" type="stmt"/>
        <line num="53" count="0" type="stmt"/>
        <line num="57" count="0" type="stmt"/>
        <line num="58" count="0" type="cond" truecount="0" falsecount="2"/>
        <line num="59" count="0" type="stmt"/>
        <line num="60" count="0" type="stmt"/>
        <line num="61" count="0" type="stmt"/>
        <line num="62" count="0" type="cond" truecount="0" falsecount="2"/>
        <line num="63" count="0" type="stmt"/>
        <line num="66" count="0" type="stmt"/>
        <line num="67" count="0" type="cond" truecount="0" falsecount="2"/>
        <line num="68" count="0" type="stmt"/>
        <line num="69" count="0" type="cond" truecount="0" falsecount="2"/>
        <line num="70" count="0" type="stmt"/>
        <line num="73" count="0" type="stmt"/>
        <line num="77" count="0" type="stmt"/>
        <line num="78" count="0" type="cond" truecount="0" falsecount="2"/>
        <line num="80" count="0" type="cond" truecount="0" falsecount="2"/>
        <line num="81" count="0" type="cond" truecount="0" falsecount="2"/>
        <line num="82" count="0" type="stmt"/>
        <line num="88" count="0" type="stmt"/>
        <line num="89" count="0" type="cond" truecount="0" falsecount="2"/>
        <line num="91" count="0" type="cond" truecount="0" falsecount="2"/>
        <line num="92" count="0" type="stmt"/>
        <line num="94" count="0" type="stmt"/>
        <line num="98" count="0" type="cond" truecount="0" falsecount="2"/>
        <line num="99" count="0" type="stmt"/>
        <line num="101" count="0" type="stmt"/>
        <line num="102" count="0" type="stmt"/>
        <line num="103" count="0" type="stmt"/>
        <line num="107" count="0" type="stmt"/>
        <line num="108" count="0" type="stmt"/>
        <line num="113" count="0" type="stmt"/>
        <line num="114" count="0" type="cond" truecount="0" falsecount="4"/>
        <line num="115" count="0" type="stmt"/>
        <line num="117" count="0" type="stmt"/>
        <line num="121" count="0" type="stmt"/>
        <line num="122" count="0" type="stmt"/>
        <line num="123" count="0" type="stmt"/>
        <line num="124" count="0" type="stmt"/>
        <line num="138" count="0" type="stmt"/>
        <line num="139" count="0" type="stmt"/>
        <line num="143" count="0" type="stmt"/>
        <line num="144" count="0" type="cond" truecount="0" falsecount="2"/>
        <line num="145" count="0" type="stmt"/>
        <line num="146" count="0" type="cond" truecount="0" falsecount="2"/>
        <line num="147" count="0" type="stmt"/>
        <line num="148" count="0" type="stmt"/>
        <line num="149" count="0" type="stmt"/>
        <line num="150" count="0" type="stmt"/>
        <line num="151" count="0" type="cond" truecount="0" falsecount="2"/>
        <line num="152" count="0" type="stmt"/>
        <line num="156" count="0" type="stmt"/>
        <line num="157" count="0" type="cond" truecount="0" falsecount="2"/>
        <line num="158" count="0" type="cond" truecount="0" falsecount="2"/>
        <line num="159" count="0" type="stmt"/>
        <line num="165" count="0" type="stmt"/>
        <line num="166" count="0" type="stmt"/>
        <line num="171" count="0" type="cond" truecount="0" falsecount="2"/>
        <line num="172" count="0" type="stmt"/>
        <line num="174" count="0" type="stmt"/>
        <line num="175" count="0" type="cond" truecount="0" falsecount="2"/>
        <line num="176" count="0" type="stmt"/>
        <line num="182" count="0" type="stmt"/>
        <line num="183" count="0" type="stmt"/>
        <line num="186" count="0" type="stmt"/>
      </file>
    </package>
    <package name="src.ui">
      <metrics statements="74" coveredstatements="0" conditionals="22" coveredconditionals="0" methods="10" coveredmethods="0"/>
      <file name="DialogUi.ts" path="/Users/s.meyer/projects/dragonquest/src/ui/DialogUi.ts">
        <metrics statements="55" coveredstatements="0" conditionals="16" coveredconditionals="0" methods="7" coveredmethods="0"/>
        <line num="17" count="0" type="stmt"/>
        <line num="18" count="0" type="stmt"/>
        <line num="20" count="0" type="stmt"/>
        <line num="21" count="0" type="stmt"/>
        <line num="27" count="0" type="stmt"/>
        <line num="28" count="0" type="stmt"/>
        <line num="29" count="0" type="stmt"/>
        <line num="31" count="0" type="stmt"/>
        <line num="32" count="0" type="stmt"/>
        <line num="33" count="0" type="stmt"/>
        <line num="37" count="0" type="stmt"/>
        <line num="38" count="0" type="stmt"/>
        <line num="39" count="0" type="stmt"/>
        <line num="40" count="0" type="stmt"/>
        <line num="41" count="0" type="stmt"/>
        <line num="42" count="0" type="stmt"/>
        <line num="43" count="0" type="stmt"/>
        <line num="49" count="0" type="stmt"/>
        <line num="55" count="0" type="stmt"/>
        <line num="56" count="0" type="cond" truecount="0" falsecount="2"/>
        <line num="57" count="0" type="stmt"/>
        <line num="58" count="0" type="stmt"/>
        <line num="61" count="0" type="stmt"/>
        <line num="62" count="0" type="stmt"/>
        <line num="71" count="0" type="stmt"/>
        <line num="72" count="0" type="cond" truecount="0" falsecount="2"/>
        <line num="73" count="0" type="stmt"/>
        <line num="75" count="0" type="stmt"/>
        <line num="76" count="0" type="stmt"/>
        <line num="78" count="0" type="stmt"/>
        <line num="79" count="0" type="stmt"/>
        <line num="80" count="0" type="cond" truecount="0" falsecount="2"/>
        <line num="81" count="0" type="stmt"/>
        <line num="82" count="0" type="cond" truecount="0" falsecount="2"/>
        <line num="83" count="0" type="stmt"/>
        <line num="84" count="0" type="stmt"/>
        <line num="85" count="0" type="stmt"/>
        <line num="86" count="0" type="stmt"/>
        <line num="98" count="0" type="stmt"/>
        <line num="99" count="0" type="stmt"/>
        <line num="102" count="0" type="stmt"/>
        <line num="104" count="0" type="stmt"/>
        <line num="106" count="0" type="stmt"/>
        <line num="107" count="0" type="stmt"/>
        <line num="108" count="0" type="stmt"/>
        <line num="111" count="0" type="stmt"/>
        <line num="115" count="0" type="stmt"/>
        <line num="118" count="0" type="stmt"/>
        <line num="119" count="0" type="cond" truecount="0" falsecount="2"/>
        <line num="120" count="0" type="cond" truecount="0" falsecount="2"/>
        <line num="121" count="0" type="stmt"/>
        <line num="123" count="0" type="cond" truecount="0" falsecount="2"/>
        <line num="124" count="0" type="stmt"/>
        <line num="126" count="0" type="cond" truecount="0" falsecount="2"/>
        <line num="127" count="0" type="stmt"/>
      </file>
      <file name="MessageUi.ts" path="/Users/s.meyer/projects/dragonquest/src/ui/MessageUi.ts">
        <metrics statements="19" coveredstatements="0" conditionals="6" coveredconditionals="0" methods="3" coveredmethods="0"/>
        <line num="12" count="0" type="cond" truecount="0" falsecount="4"/>
        <line num="13" count="0" type="stmt"/>
        <line num="14" count="0" type="stmt"/>
        <line num="15" count="0" type="stmt"/>
        <line num="16" count="0" type="stmt"/>
        <line num="17" count="0" type="stmt"/>
        <line num="18" count="0" type="stmt"/>
        <line num="19" count="0" type="stmt"/>
        <line num="25" count="0" type="stmt"/>
        <line num="26" count="0" type="stmt"/>
        <line num="27" count="0" type="stmt"/>
        <line num="28" count="0" type="stmt"/>
        <line num="32" count="0" type="stmt"/>
        <line num="33" count="0" type="stmt"/>
        <line num="34" count="0" type="cond" truecount="0" falsecount="2"/>
        <line num="35" count="0" type="stmt"/>
        <line num="37" count="0" type="stmt"/>
        <line num="45" count="0" type="stmt"/>
        <line num="46" count="0" type="stmt"/>
      </file>
    </package>
    <package name="src.utils">
      <metrics statements="5" coveredstatements="0" conditionals="0" coveredconditionals="0" methods="3" coveredmethods="0"/>
      <file name="removeSchemaFromJson.ts" path="/Users/s.meyer/projects/dragonquest/src/utils/removeSchemaFromJson.ts">
        <metrics statements="5" coveredstatements="0" conditionals="0" coveredconditionals="0" methods="3" coveredmethods="0"/>
        <line num="1" count="0" type="stmt"/>
        <line num="2" count="0" type="stmt"/>
        <line num="3" count="0" type="stmt"/>
        <line num="5" count="0" type="stmt"/>
        <line num="6" count="0" type="stmt"/>
      </file>
    </package>
  </project>
</coverage>
