{"/Users/s.meyer/projects/dragonquest/src/config.ts": {"path":"/Users/s.meyer/projects/dragonquest/src/config.ts","statementMap":{"0":{"start":{"line":3,"column":22},"end":{"line":17,"column":1}}},"fnMap":{},"branchMap":{},"s":{"0":0},"f":{},"b":{}}
,"/Users/s.meyer/projects/dragonquest/src/main.ts": {"path":"/Users/s.meyer/projects/dragonquest/src/main.ts","statementMap":{"0":{"start":{"line":13,"column":19},"end":{"line":15,"column":2}},"1":{"start":{"line":16,"column":13},"end":{"line":16,"column":40}}},"fnMap":{},"branchMap":{},"s":{"0":0,"1":0},"f":{},"b":{}}
,"/Users/s.meyer/projects/dragonquest/src/test.ts": {"path":"/Users/s.meyer/projects/dragonquest/src/test.ts","statementMap":{},"fnMap":{},"branchMap":{},"s":{},"f":{},"b":{}}
,"/Users/s.meyer/projects/dragonquest/src/balancing/chooseAttacksRandom.ts": {"path":"/Users/s.meyer/projects/dragonquest/src/balancing/chooseAttacksRandom.ts","statementMap":{"0":{"start":{"line":4,"column":50},"end":{"line":9,"column":1}},"1":{"start":{"line":5,"column":19},"end":{"line":5,"column":34}},"2":{"start":{"line":6,"column":19},"end":{"line":6,"column":29}},"3":{"start":{"line":7,"column":4},"end":{"line":7,"column":52}},"4":{"start":{"line":8,"column":4},"end":{"line":8,"column":60}}},"fnMap":{"0":{"name":"(anonymous_0)","decl":{"start":{"line":4,"column":50},"end":{"line":4,"column":51}},"loc":{"start":{"line":4,"column":78},"end":{"line":9,"column":1}},"line":4}},"branchMap":{},"s":{"0":1,"1":43,"2":43,"3":43,"4":43},"f":{"0":43},"b":{},"_coverageSchema":"1a1c01bbd47fc00a2c39e90264f33305004495a9","hash":"a0c1be505b4038f301827e52350f59f579e8823a"}
,"/Users/s.meyer/projects/dragonquest/src/balancing/eventsMock.ts": {"path":"/Users/s.meyer/projects/dragonquest/src/balancing/eventsMock.ts","statementMap":{"0":{"start":{"line":3,"column":26},"end":{"line":5,"column":35}}},"fnMap":{"0":{"name":"(anonymous_0)","decl":{"start":{"line":4,"column":10},"end":{"line":4,"column":11}},"loc":{"start":{"line":4,"column":16},"end":{"line":4,"column":18}},"line":4}},"branchMap":{},"s":{"0":1},"f":{"0":43},"b":{},"_coverageSchema":"1a1c01bbd47fc00a2c39e90264f33305004495a9","hash":"5913b659830af556bc3e62c5e61855e1748a908c"}
,"/Users/s.meyer/projects/dragonquest/src/balancing/fight.ts": {"path":"/Users/s.meyer/projects/dragonquest/src/balancing/fight.ts","statementMap":{"0":{"start":{"line":26,"column":21},"end":{"line":89,"column":1}},"1":{"start":{"line":31,"column":23},"end":{"line":31,"column":54}},"2":{"start":{"line":31,"column":42},"end":{"line":31,"column":53}},"3":{"start":{"line":32,"column":22},"end":{"line":32,"column":52}},"4":{"start":{"line":32,"column":40},"end":{"line":32,"column":51}},"5":{"start":{"line":33,"column":17},"end":{"line":33,"column":18}},"6":{"start":{"line":34,"column":51},"end":{"line":34,"column":53}},"7":{"start":{"line":35,"column":4},"end":{"line":64,"column":5}},"8":{"start":{"line":36,"column":8},"end":{"line":36,"column":17}},"9":{"start":{"line":37,"column":8},"end":{"line":53,"column":56}},"10":{"start":{"line":38,"column":27},"end":{"line":38,"column":34}},"11":{"start":{"line":40,"column":28},"end":{"line":40,"column":67}},"12":{"start":{"line":40,"column":59},"end":{"line":40,"column":66}},"13":{"start":{"line":41,"column":31},"end":{"line":45,"column":17}},"14":{"start":{"line":43,"column":45},"end":{"line":43,"column":52}},"15":{"start":{"line":44,"column":45},"end":{"line":44,"column":53}},"16":{"start":{"line":46,"column":28},"end":{"line":46,"column":67}},"17":{"start":{"line":46,"column":59},"end":{"line":46,"column":66}},"18":{"start":{"line":47,"column":16},"end":{"line":51,"column":18}},"19":{"start":{"line":53,"column":28},"end":{"line":53,"column":54}},"20":{"start":{"line":55,"column":8},"end":{"line":63,"column":15}},"21":{"start":{"line":56,"column":27},"end":{"line":56,"column":34}},"22":{"start":{"line":58,"column":16},"end":{"line":62,"column":18}},"23":{"start":{"line":60,"column":44},"end":{"line":60,"column":51}},"24":{"start":{"line":61,"column":46},"end":{"line":61,"column":54}},"25":{"start":{"line":66,"column":24},"end":{"line":66,"column":67}},"26":{"start":{"line":68,"column":8},"end":{"line":72,"column":21}},"27":{"start":{"line":74,"column":4},"end":{"line":88,"column":6}},"28":{"start":{"line":78,"column":12},"end":{"line":78,"column":27}},"29":{"start":{"line":79,"column":12},"end":{"line":79,"column":23}},"30":{"start":{"line":82,"column":12},"end":{"line":82,"column":30}},"31":{"start":{"line":83,"column":12},"end":{"line":83,"column":23}},"32":{"start":{"line":85,"column":49},"end":{"line":85,"column":56}},"33":{"start":{"line":91,"column":4},"end":{"line":91,"column":51}},"34":{"start":{"line":91,"column":31},"end":{"line":91,"column":38}},"35":{"start":{"line":95,"column":4},"end":{"line":100,"column":14}},"36":{"start":{"line":96,"column":26},"end":{"line":96,"column":36}},"37":{"start":{"line":98,"column":12},"end":{"line":98,"column":28}},"38":{"start":{"line":99,"column":12},"end":{"line":99,"column":23}}},"fnMap":{"0":{"name":"(anonymous_0)","decl":{"start":{"line":26,"column":21},"end":{"line":26,"column":22}},"loc":{"start":{"line":30,"column":13},"end":{"line":89,"column":1}},"line":30},"1":{"name":"(anonymous_1)","decl":{"start":{"line":31,"column":35},"end":{"line":31,"column":36}},"loc":{"start":{"line":31,"column":42},"end":{"line":31,"column":53}},"line":31},"2":{"name":"(anonymous_2)","decl":{"start":{"line":32,"column":33},"end":{"line":32,"column":34}},"loc":{"start":{"line":32,"column":40},"end":{"line":32,"column":51}},"line":32},"3":{"name":"(anonymous_3)","decl":{"start":{"line":38,"column":20},"end":{"line":38,"column":21}},"loc":{"start":{"line":38,"column":27},"end":{"line":38,"column":34}},"line":38},"4":{"name":"(anonymous_4)","decl":{"start":{"line":39,"column":17},"end":{"line":39,"column":18}},"loc":{"start":{"line":39,"column":24},"end":{"line":52,"column":13}},"line":39},"5":{"name":"(anonymous_5)","decl":{"start":{"line":40,"column":49},"end":{"line":40,"column":50}},"loc":{"start":{"line":40,"column":59},"end":{"line":40,"column":66}},"line":40},"6":{"name":"(anonymous_6)","decl":{"start":{"line":43,"column":38},"end":{"line":43,"column":39}},"loc":{"start":{"line":43,"column":45},"end":{"line":43,"column":52}},"line":43},"7":{"name":"(anonymous_7)","decl":{"start":{"line":44,"column":37},"end":{"line":44,"column":38}},"loc":{"start":{"line":44,"column":45},"end":{"line":44,"column":53}},"line":44},"8":{"name":"(anonymous_8)","decl":{"start":{"line":46,"column":49},"end":{"line":46,"column":50}},"loc":{"start":{"line":46,"column":59},"end":{"line":46,"column":66}},"line":46},"9":{"name":"(anonymous_9)","decl":{"start":{"line":53,"column":21},"end":{"line":53,"column":22}},"loc":{"start":{"line":53,"column":28},"end":{"line":53,"column":54}},"line":53},"10":{"name":"(anonymous_10)","decl":{"start":{"line":56,"column":20},"end":{"line":56,"column":21}},"loc":{"start":{"line":56,"column":27},"end":{"line":56,"column":34}},"line":56},"11":{"name":"(anonymous_11)","decl":{"start":{"line":57,"column":21},"end":{"line":57,"column":22}},"loc":{"start":{"line":57,"column":28},"end":{"line":63,"column":13}},"line":57},"12":{"name":"(anonymous_12)","decl":{"start":{"line":60,"column":37},"end":{"line":60,"column":38}},"loc":{"start":{"line":60,"column":44},"end":{"line":60,"column":51}},"line":60},"13":{"name":"(anonymous_13)","decl":{"start":{"line":61,"column":38},"end":{"line":61,"column":39}},"loc":{"start":{"line":61,"column":46},"end":{"line":61,"column":54}},"line":61},"14":{"name":"(anonymous_14)","decl":{"start":{"line":77,"column":36},"end":{"line":77,"column":37}},"loc":{"start":{"line":77,"column":51},"end":{"line":80,"column":9}},"line":77},"15":{"name":"(anonymous_15)","decl":{"start":{"line":81,"column":39},"end":{"line":81,"column":40}},"loc":{"start":{"line":81,"column":54},"end":{"line":84,"column":9}},"line":81},"16":{"name":"(anonymous_16)","decl":{"start":{"line":85,"column":42},"end":{"line":85,"column":43}},"loc":{"start":{"line":85,"column":49},"end":{"line":85,"column":56}},"line":85},"17":{"name":"isAlive","decl":{"start":{"line":90,"column":9},"end":{"line":90,"column":16}},"loc":{"start":{"line":90,"column":32},"end":{"line":92,"column":1}},"line":90},"18":{"name":"(anonymous_18)","decl":{"start":{"line":91,"column":24},"end":{"line":91,"column":25}},"loc":{"start":{"line":91,"column":31},"end":{"line":91,"column":38}},"line":91},"19":{"name":"getTotal","decl":{"start":{"line":94,"column":9},"end":{"line":94,"column":17}},"loc":{"start":{"line":94,"column":61},"end":{"line":101,"column":1}},"line":94},"20":{"name":"(anonymous_20)","decl":{"start":{"line":96,"column":16},"end":{"line":96,"column":17}},"loc":{"start":{"line":96,"column":26},"end":{"line":96,"column":36}},"line":96},"21":{"name":"(anonymous_21)","decl":{"start":{"line":97,"column":16},"end":{"line":97,"column":17}},"loc":{"start":{"line":97,"column":31},"end":{"line":100,"column":9}},"line":97}},"branchMap":{"0":{"loc":{"start":{"line":35,"column":11},"end":{"line":35,"column":67}},"type":"binary-expr","locations":[{"start":{"line":35,"column":11},"end":{"line":35,"column":30}},{"start":{"line":35,"column":34},"end":{"line":35,"column":52}},{"start":{"line":35,"column":56},"end":{"line":35,"column":67}}],"line":35},"1":{"loc":{"start":{"line":50,"column":32},"end":{"line":50,"column":49}},"type":"cond-expr","locations":[{"start":{"line":50,"column":44},"end":{"line":50,"column":45}},{"start":{"line":50,"column":48},"end":{"line":50,"column":49}}],"line":50},"2":{"loc":{"start":{"line":66,"column":24},"end":{"line":66,"column":67}},"type":"cond-expr","locations":[{"start":{"line":66,"column":45},"end":{"line":66,"column":54}},{"start":{"line":66,"column":57},"end":{"line":66,"column":67}}],"line":66},"3":{"loc":{"start":{"line":68,"column":8},"end":{"line":72,"column":21}},"type":"cond-expr","locations":[{"start":{"line":69,"column":14},"end":{"line":69,"column":20}},{"start":{"line":70,"column":14},"end":{"line":72,"column":21}}],"line":68},"4":{"loc":{"start":{"line":68,"column":8},"end":{"line":68,"column":49}},"type":"binary-expr","locations":[{"start":{"line":68,"column":8},"end":{"line":68,"column":26}},{"start":{"line":68,"column":30},"end":{"line":68,"column":49}}],"line":68},"5":{"loc":{"start":{"line":70,"column":14},"end":{"line":72,"column":21}},"type":"cond-expr","locations":[{"start":{"line":71,"column":14},"end":{"line":71,"column":20}},{"start":{"line":72,"column":14},"end":{"line":72,"column":21}}],"line":70}},"s":{"0":1,"1":2,"2":2,"3":2,"4":2,"5":2,"6":2,"7":2,"8":22,"9":22,"10":22,"11":22,"12":22,"13":22,"14":22,"15":22,"16":22,"17":21,"18":22,"19":22,"20":22,"21":22,"22":21,"23":21,"24":21,"25":2,"26":2,"27":2,"28":2,"29":2,"30":2,"31":2,"32":2,"33":54,"34":54,"35":44,"36":44,"37":43,"38":43},"f":{"0":2,"1":2,"2":2,"3":22,"4":22,"5":22,"6":22,"7":22,"8":21,"9":22,"10":22,"11":21,"12":21,"13":21,"14":2,"15":2,"16":2,"17":54,"18":54,"19":44,"20":44,"21":43},"b":{"0":[24,23,23],"1":[2,20],"2":[2,0],"3":[1,1],"4":[2,2],"5":[1,0]},"_coverageSchema":"1a1c01bbd47fc00a2c39e90264f33305004495a9","hash":"f272a9d900ec3ce51342f9f45f86bdb1694787d1"}
,"/Users/s.meyer/projects/dragonquest/src/balancing/testScenarios.ts": {"path":"/Users/s.meyer/projects/dragonquest/src/balancing/testScenarios.ts","statementMap":{"0":{"start":{"line":5,"column":29},"end":{"line":27,"column":1}},"1":{"start":{"line":6,"column":17},"end":{"line":6,"column":60}},"2":{"start":{"line":7,"column":4},"end":{"line":25,"column":5}},"3":{"start":{"line":8,"column":8},"end":{"line":15,"column":23}},"4":{"start":{"line":9,"column":31},"end":{"line":9,"column":68}},"5":{"start":{"line":10,"column":30},"end":{"line":10,"column":76}},"6":{"start":{"line":11,"column":12},"end":{"line":13,"column":13}},"7":{"start":{"line":12,"column":16},"end":{"line":12,"column":22}},"8":{"start":{"line":14,"column":12},"end":{"line":14,"column":33}},"9":{"start":{"line":17,"column":8},"end":{"line":24,"column":23}},"10":{"start":{"line":18,"column":31},"end":{"line":18,"column":69}},"11":{"start":{"line":19,"column":30},"end":{"line":19,"column":76}},"12":{"start":{"line":20,"column":12},"end":{"line":20,"column":33}},"13":{"start":{"line":21,"column":12},"end":{"line":23,"column":13}},"14":{"start":{"line":22,"column":16},"end":{"line":22,"column":22}},"15":{"start":{"line":26,"column":4},"end":{"line":26,"column":19}},"16":{"start":{"line":35,"column":8},"end":{"line":35,"column":76}},"17":{"start":{"line":36,"column":23},"end":{"line":39,"column":7}},"18":{"start":{"line":36,"column":51},"end":{"line":39,"column":5}},"19":{"start":{"line":38,"column":39},"end":{"line":38,"column":47}},"20":{"start":{"line":40,"column":4},"end":{"line":43,"column":7}},"21":{"start":{"line":41,"column":8},"end":{"line":41,"column":65}},"22":{"start":{"line":42,"column":8},"end":{"line":42,"column":65}},"23":{"start":{"line":44,"column":4},"end":{"line":44,"column":22}},"24":{"start":{"line":48,"column":4},"end":{"line":48,"column":69}}},"fnMap":{"0":{"name":"(anonymous_0)","decl":{"start":{"line":5,"column":29},"end":{"line":5,"column":30}},"loc":{"start":{"line":5,"column":76},"end":{"line":27,"column":1}},"line":5},"1":{"name":"varyEnemyStats","decl":{"start":{"line":29,"column":9},"end":{"line":29,"column":23}},"loc":{"start":{"line":33,"column":2},"end":{"line":45,"column":1}},"line":33},"2":{"name":"(anonymous_2)","decl":{"start":{"line":36,"column":43},"end":{"line":36,"column":44}},"loc":{"start":{"line":36,"column":51},"end":{"line":39,"column":5}},"line":36},"3":{"name":"(anonymous_3)","decl":{"start":{"line":38,"column":31},"end":{"line":38,"column":32}},"loc":{"start":{"line":38,"column":39},"end":{"line":38,"column":47}},"line":38},"4":{"name":"(anonymous_4)","decl":{"start":{"line":40,"column":23},"end":{"line":40,"column":24}},"loc":{"start":{"line":40,"column":30},"end":{"line":43,"column":5}},"line":40},"5":{"name":"changeValue","decl":{"start":{"line":47,"column":9},"end":{"line":47,"column":20}},"loc":{"start":{"line":47,"column":73},"end":{"line":49,"column":1}},"line":47}},"branchMap":{"0":{"loc":{"start":{"line":7,"column":4},"end":{"line":25,"column":5}},"type":"if","locations":[{"start":{"line":7,"column":4},"end":{"line":25,"column":5}},{"start":{"line":16,"column":11},"end":{"line":25,"column":5}}],"line":7},"1":{"loc":{"start":{"line":11,"column":12},"end":{"line":13,"column":13}},"type":"if","locations":[{"start":{"line":11,"column":12},"end":{"line":13,"column":13}},{"start":{},"end":{}}],"line":11},"2":{"loc":{"start":{"line":21,"column":12},"end":{"line":23,"column":13}},"type":"if","locations":[{"start":{"line":21,"column":12},"end":{"line":23,"column":13}},{"start":{},"end":{}}],"line":21},"3":{"loc":{"start":{"line":35,"column":8},"end":{"line":35,"column":76}},"type":"cond-expr","locations":[{"start":{"line":35,"column":36},"end":{"line":35,"column":39}},{"start":{"line":35,"column":42},"end":{"line":35,"column":76}}],"line":35},"4":{"loc":{"start":{"line":48,"column":11},"end":{"line":48,"column":68}},"type":"cond-expr","locations":[{"start":{"line":48,"column":24},"end":{"line":48,"column":44}},{"start":{"line":48,"column":47},"end":{"line":48,"column":68}}],"line":48}},"s":{"0":1,"1":1,"2":1,"3":0,"4":0,"5":0,"6":0,"7":0,"8":0,"9":1,"10":1,"11":1,"12":1,"13":1,"14":1,"15":1,"16":1,"17":1,"18":1,"19":1,"20":1,"21":1,"22":1,"23":1,"24":2},"f":{"0":1,"1":1,"2":1,"3":1,"4":1,"5":2},"b":{"0":[0,1],"1":[0,0],"2":[1,0],"3":[1,0],"4":[0,2]},"_coverageSchema":"1a1c01bbd47fc00a2c39e90264f33305004495a9","hash":"7f9fa7b7a0fb85bfb9ffe2cba80d75a477fabd96"}
,"/Users/s.meyer/projects/dragonquest/src/gameplay/CustomApi.ts": {"path":"/Users/s.meyer/projects/dragonquest/src/gameplay/CustomApi.ts","statementMap":{"0":{"start":{"line":5,"column":8},"end":{"line":5,"column":39}},"1":{"start":{"line":9,"column":8},"end":{"line":9,"column":39}}},"fnMap":{"0":{"name":"(anonymous_0)","decl":{"start":{"line":4,"column":4},"end":{"line":4,"column":5}},"loc":{"start":{"line":4,"column":54},"end":{"line":6,"column":5}},"line":4},"1":{"name":"(anonymous_1)","decl":{"start":{"line":8,"column":4},"end":{"line":8,"column":5}},"loc":{"start":{"line":8,"column":41},"end":{"line":10,"column":5}},"line":8}},"branchMap":{},"s":{"0":0,"1":0},"f":{"0":0,"1":0},"b":{}}
,"/Users/s.meyer/projects/dragonquest/src/gameplay/DragonQuest.ts": {"path":"/Users/s.meyer/projects/dragonquest/src/gameplay/DragonQuest.ts","statementMap":{"0":{"start":{"line":13,"column":42},"end":{"line":13,"column":59}},"1":{"start":{"line":14,"column":45},"end":{"line":14,"column":63}},"2":{"start":{"line":15,"column":47},"end":{"line":15,"column":49}},"3":{"start":{"line":16,"column":29},"end":{"line":16,"column":31}},"4":{"start":{"line":17,"column":28},"end":{"line":17,"column":30}},"5":{"start":{"line":18,"column":37},"end":{"line":18,"column":39}},"6":{"start":{"line":19,"column":29},"end":{"line":19,"column":31}},"7":{"start":{"line":20,"column":10},"end":{"line":20,"column":29}},"8":{"start":{"line":23,"column":8},"end":{"line":23,"column":37}},"9":{"start":{"line":24,"column":8},"end":{"line":24,"column":29}},"10":{"start":{"line":25,"column":8},"end":{"line":25,"column":25}},"11":{"start":{"line":29,"column":8},"end":{"line":29,"column":47}},"12":{"start":{"line":33,"column":27},"end":{"line":33,"column":59}},"13":{"start":{"line":34,"column":8},"end":{"line":37,"column":37}},"14":{"start":{"line":35,"column":25},"end":{"line":35,"column":44}},"15":{"start":{"line":36,"column":27},"end":{"line":36,"column":30}},"16":{"start":{"line":37,"column":24},"end":{"line":37,"column":35}},"17":{"start":{"line":41,"column":8},"end":{"line":41,"column":49}},"18":{"start":{"line":45,"column":8},"end":{"line":45,"column":47}},"19":{"start":{"line":49,"column":8},"end":{"line":49,"column":33}},"20":{"start":{"line":53,"column":8},"end":{"line":53,"column":61}},"21":{"start":{"line":54,"column":8},"end":{"line":54,"column":46}},"22":{"start":{"line":58,"column":8},"end":{"line":58,"column":40}},"23":{"start":{"line":63,"column":22},"end":{"line":75,"column":10}},"24":{"start":{"line":64,"column":12},"end":{"line":74,"column":13}},"25":{"start":{"line":65,"column":16},"end":{"line":65,"column":47}},"26":{"start":{"line":66,"column":19},"end":{"line":74,"column":13}},"27":{"start":{"line":67,"column":30},"end":{"line":67,"column":55}},"28":{"start":{"line":69,"column":16},"end":{"line":73,"column":17}},"29":{"start":{"line":70,"column":20},"end":{"line":70,"column":65}},"30":{"start":{"line":72,"column":20},"end":{"line":72,"column":67}},"31":{"start":{"line":79,"column":8},"end":{"line":79,"column":36}},"32":{"start":{"line":83,"column":8},"end":{"line":83,"column":36}},"33":{"start":{"line":87,"column":26},"end":{"line":87,"column":69}},"34":{"start":{"line":88,"column":8},"end":{"line":90,"column":11}},"35":{"start":{"line":89,"column":12},"end":{"line":89,"column":38}},"36":{"start":{"line":94,"column":8},"end":{"line":96,"column":11}},"37":{"start":{"line":95,"column":12},"end":{"line":95,"column":53}},"38":{"start":{"line":100,"column":21},"end":{"line":100,"column":42}},"39":{"start":{"line":101,"column":8},"end":{"line":101,"column":41}},"40":{"start":{"line":105,"column":27},"end":{"line":105,"column":48}},"41":{"start":{"line":106,"column":0},"end":{"line":106,"column":42}}},"fnMap":{"0":{"name":"(anonymous_0)","decl":{"start":{"line":22,"column":4},"end":{"line":22,"column":5}},"loc":{"start":{"line":22,"column":49},"end":{"line":26,"column":5}},"line":22},"1":{"name":"(anonymous_1)","decl":{"start":{"line":28,"column":4},"end":{"line":28,"column":5}},"loc":{"start":{"line":28,"column":38},"end":{"line":30,"column":5}},"line":28},"2":{"name":"(anonymous_2)","decl":{"start":{"line":32,"column":4},"end":{"line":32,"column":5}},"loc":{"start":{"line":32,"column":33},"end":{"line":38,"column":5}},"line":32},"3":{"name":"(anonymous_3)","decl":{"start":{"line":35,"column":17},"end":{"line":35,"column":18}},"loc":{"start":{"line":35,"column":25},"end":{"line":35,"column":44}},"line":35},"4":{"name":"(anonymous_4)","decl":{"start":{"line":36,"column":20},"end":{"line":36,"column":21}},"loc":{"start":{"line":36,"column":27},"end":{"line":36,"column":30}},"line":36},"5":{"name":"(anonymous_5)","decl":{"start":{"line":37,"column":17},"end":{"line":37,"column":18}},"loc":{"start":{"line":37,"column":24},"end":{"line":37,"column":35}},"line":37},"6":{"name":"(anonymous_6)","decl":{"start":{"line":40,"column":4},"end":{"line":40,"column":5}},"loc":{"start":{"line":40,"column":31},"end":{"line":42,"column":5}},"line":40},"7":{"name":"(anonymous_7)","decl":{"start":{"line":44,"column":4},"end":{"line":44,"column":5}},"loc":{"start":{"line":44,"column":28},"end":{"line":46,"column":5}},"line":44},"8":{"name":"(anonymous_8)","decl":{"start":{"line":48,"column":4},"end":{"line":48,"column":5}},"loc":{"start":{"line":48,"column":40},"end":{"line":50,"column":5}},"line":48},"9":{"name":"(anonymous_9)","decl":{"start":{"line":52,"column":4},"end":{"line":52,"column":5}},"loc":{"start":{"line":52,"column":33},"end":{"line":55,"column":5}},"line":52},"10":{"name":"(anonymous_10)","decl":{"start":{"line":57,"column":4},"end":{"line":57,"column":5}},"loc":{"start":{"line":57,"column":30},"end":{"line":59,"column":5}},"line":57},"11":{"name":"(anonymous_11)","decl":{"start":{"line":61,"column":4},"end":{"line":61,"column":5}},"loc":{"start":{"line":61,"column":40},"end":{"line":76,"column":5}},"line":61},"12":{"name":"(anonymous_12)","decl":{"start":{"line":63,"column":39},"end":{"line":63,"column":40}},"loc":{"start":{"line":63,"column":52},"end":{"line":75,"column":9}},"line":63},"13":{"name":"(anonymous_13)","decl":{"start":{"line":78,"column":4},"end":{"line":78,"column":5}},"loc":{"start":{"line":78,"column":26},"end":{"line":80,"column":5}},"line":78},"14":{"name":"(anonymous_14)","decl":{"start":{"line":82,"column":4},"end":{"line":82,"column":5}},"loc":{"start":{"line":82,"column":26},"end":{"line":84,"column":5}},"line":82},"15":{"name":"(anonymous_15)","decl":{"start":{"line":86,"column":4},"end":{"line":86,"column":5}},"loc":{"start":{"line":86,"column":33},"end":{"line":91,"column":5}},"line":86},"16":{"name":"(anonymous_16)","decl":{"start":{"line":88,"column":43},"end":{"line":88,"column":44}},"loc":{"start":{"line":88,"column":53},"end":{"line":90,"column":9}},"line":88},"17":{"name":"(anonymous_17)","decl":{"start":{"line":93,"column":4},"end":{"line":93,"column":5}},"loc":{"start":{"line":93,"column":19},"end":{"line":97,"column":5}},"line":93},"18":{"name":"(anonymous_18)","decl":{"start":{"line":94,"column":48},"end":{"line":94,"column":49}},"loc":{"start":{"line":94,"column":58},"end":{"line":96,"column":9}},"line":94},"19":{"name":"(anonymous_19)","decl":{"start":{"line":99,"column":4},"end":{"line":99,"column":5}},"loc":{"start":{"line":99,"column":26},"end":{"line":102,"column":5}},"line":99}},"branchMap":{"0":{"loc":{"start":{"line":64,"column":12},"end":{"line":74,"column":13}},"type":"if","locations":[{"start":{"line":64,"column":12},"end":{"line":74,"column":13}},{"start":{"line":66,"column":19},"end":{"line":74,"column":13}}],"line":64},"1":{"loc":{"start":{"line":66,"column":19},"end":{"line":74,"column":13}},"type":"if","locations":[{"start":{"line":66,"column":19},"end":{"line":74,"column":13}},{"start":{},"end":{}}],"line":66},"2":{"loc":{"start":{"line":69,"column":16},"end":{"line":73,"column":17}},"type":"if","locations":[{"start":{"line":69,"column":16},"end":{"line":73,"column":17}},{"start":{"line":71,"column":23},"end":{"line":73,"column":17}}],"line":69}},"s":{"0":0,"1":0,"2":0,"3":0,"4":0,"5":0,"6":0,"7":0,"8":0,"9":0,"10":0,"11":0,"12":0,"13":0,"14":0,"15":0,"16":0,"17":0,"18":0,"19":0,"20":0,"21":0,"22":0,"23":0,"24":0,"25":0,"26":0,"27":0,"28":0,"29":0,"30":0,"31":0,"32":0,"33":0,"34":0,"35":0,"36":0,"37":0,"38":0,"39":0,"40":0,"41":0},"f":{"0":0,"1":0,"2":0,"3":0,"4":0,"5":0,"6":0,"7":0,"8":0,"9":0,"10":0,"11":0,"12":0,"13":0,"14":0,"15":0,"16":0,"17":0,"18":0,"19":0},"b":{"0":[0,0],"1":[0,0],"2":[0,0]}}
,"/Users/s.meyer/projects/dragonquest/src/gameplay/Observable.ts": {"path":"/Users/s.meyer/projects/dragonquest/src/gameplay/Observable.ts","statementMap":{},"fnMap":{},"branchMap":{},"s":{},"f":{},"b":{}}
,"/Users/s.meyer/projects/dragonquest/src/gameplay/battle/Attack.ts": {"path":"/Users/s.meyer/projects/dragonquest/src/gameplay/battle/Attack.ts","statementMap":{"0":{"start":{"line":10,"column":8},"end":{"line":10,"column":32}},"1":{"start":{"line":19,"column":30},"end":{"line":21,"column":15}},"2":{"start":{"line":22,"column":8},"end":{"line":44,"column":9}},"3":{"start":{"line":23,"column":32},"end":{"line":25,"column":19}},"4":{"start":{"line":26,"column":32},"end":{"line":26,"column":76}},"5":{"start":{"line":27,"column":12},"end":{"line":27,"column":43}},"6":{"start":{"line":28,"column":12},"end":{"line":28,"column":58}},"7":{"start":{"line":29,"column":12},"end":{"line":41,"column":13}},"8":{"start":{"line":30,"column":16},"end":{"line":30,"column":77}},"9":{"start":{"line":32,"column":16},"end":{"line":40,"column":18}},"10":{"start":{"line":43,"column":12},"end":{"line":43,"column":73}},"11":{"start":{"line":48,"column":8},"end":{"line":54,"column":10}}},"fnMap":{"0":{"name":"(anonymous_0)","decl":{"start":{"line":7,"column":4},"end":{"line":7,"column":5}},"loc":{"start":{"line":7,"column":40},"end":{"line":7,"column":42}},"line":7},"1":{"name":"(anonymous_1)","decl":{"start":{"line":9,"column":4},"end":{"line":9,"column":5}},"loc":{"start":{"line":9,"column":15},"end":{"line":11,"column":5}},"line":9},"2":{"name":"(anonymous_2)","decl":{"start":{"line":13,"column":4},"end":{"line":13,"column":5}},"loc":{"start":{"line":18,"column":6},"end":{"line":45,"column":5}},"line":18},"3":{"name":"(anonymous_3)","decl":{"start":{"line":47,"column":4},"end":{"line":47,"column":5}},"loc":{"start":{"line":47,"column":22},"end":{"line":55,"column":5}},"line":47}},"branchMap":{"0":{"loc":{"start":{"line":17,"column":8},"end":{"line":17,"column":21}},"type":"default-arg","locations":[{"start":{"line":17,"column":17},"end":{"line":17,"column":21}}],"line":17},"1":{"loc":{"start":{"line":19,"column":30},"end":{"line":21,"column":15}},"type":"cond-expr","locations":[{"start":{"line":20,"column":14},"end":{"line":20,"column":64}},{"start":{"line":21,"column":14},"end":{"line":21,"column":15}}],"line":19},"2":{"loc":{"start":{"line":22,"column":8},"end":{"line":44,"column":9}},"type":"if","locations":[{"start":{"line":22,"column":8},"end":{"line":44,"column":9}},{"start":{"line":42,"column":15},"end":{"line":44,"column":9}}],"line":22},"3":{"loc":{"start":{"line":23,"column":32},"end":{"line":25,"column":19}},"type":"cond-expr","locations":[{"start":{"line":24,"column":18},"end":{"line":24,"column":66}},{"start":{"line":25,"column":18},"end":{"line":25,"column":19}}],"line":23},"4":{"loc":{"start":{"line":29,"column":12},"end":{"line":41,"column":13}},"type":"if","locations":[{"start":{"line":29,"column":12},"end":{"line":41,"column":13}},{"start":{"line":31,"column":19},"end":{"line":41,"column":13}}],"line":29}},"s":{"0":43,"1":43,"2":43,"3":2,"4":2,"5":2,"6":2,"7":2,"8":1,"9":1,"10":41,"11":0},"f":{"0":4,"1":43,"2":43,"3":0},"b":{"0":[0],"1":[0,43],"2":[2,41],"3":[0,2],"4":[1,1]},"_coverageSchema":"1a1c01bbd47fc00a2c39e90264f33305004495a9","hash":"875b4b9201bf6ddcc9eebba97d74e18160cd8d65"}
,"/Users/s.meyer/projects/dragonquest/src/gameplay/battle/BattleAction.ts": {"path":"/Users/s.meyer/projects/dragonquest/src/gameplay/battle/BattleAction.ts","statementMap":{},"fnMap":{},"branchMap":{},"s":{},"f":{},"b":{}}
,"/Users/s.meyer/projects/dragonquest/src/gameplay/battle/Heal.ts": {"path":"/Users/s.meyer/projects/dragonquest/src/gameplay/battle/Heal.ts","statementMap":{"0":{"start":{"line":9,"column":8},"end":{"line":9,"column":30}},"1":{"start":{"line":12,"column":8},"end":{"line":12,"column":39}},"2":{"start":{"line":13,"column":8},"end":{"line":13,"column":68}},"3":{"start":{"line":17,"column":8},"end":{"line":17,"column":56}}},"fnMap":{"0":{"name":"(anonymous_0)","decl":{"start":{"line":7,"column":4},"end":{"line":7,"column":5}},"loc":{"start":{"line":7,"column":39},"end":{"line":7,"column":41}},"line":7},"1":{"name":"(anonymous_1)","decl":{"start":{"line":8,"column":4},"end":{"line":8,"column":5}},"loc":{"start":{"line":8,"column":15},"end":{"line":10,"column":5}},"line":8},"2":{"name":"(anonymous_2)","decl":{"start":{"line":11,"column":4},"end":{"line":11,"column":5}},"loc":{"start":{"line":11,"column":68},"end":{"line":14,"column":5}},"line":11},"3":{"name":"(anonymous_3)","decl":{"start":{"line":16,"column":4},"end":{"line":16,"column":5}},"loc":{"start":{"line":16,"column":22},"end":{"line":18,"column":5}},"line":16}},"branchMap":{},"s":{"0":0,"1":0,"2":0,"3":0},"f":{"0":0,"1":0,"2":0,"3":0},"b":{},"_coverageSchema":"1a1c01bbd47fc00a2c39e90264f33305004495a9","hash":"2ea47bac2153279f588238c296cc3a6f9ac6e5d1"}
,"/Users/s.meyer/projects/dragonquest/src/gameplay/dialog/DialogState.ts": {"path":"/Users/s.meyer/projects/dragonquest/src/gameplay/dialog/DialogState.ts","statementMap":{"0":{"start":{"line":9,"column":20},"end":{"line":9,"column":43}},"1":{"start":{"line":10,"column":33},"end":{"line":10,"column":50}},"2":{"start":{"line":16,"column":8},"end":{"line":16,"column":32}},"3":{"start":{"line":17,"column":8},"end":{"line":17,"column":27}},"4":{"start":{"line":21,"column":8},"end":{"line":24,"column":9}},"5":{"start":{"line":22,"column":12},"end":{"line":22,"column":44}},"6":{"start":{"line":23,"column":12},"end":{"line":23,"column":19}},"7":{"start":{"line":25,"column":31},"end":{"line":25,"column":60}},"8":{"start":{"line":26,"column":8},"end":{"line":34,"column":9}},"9":{"start":{"line":27,"column":27},"end":{"line":27,"column":54}},"10":{"start":{"line":28,"column":12},"end":{"line":30,"column":13}},"11":{"start":{"line":29,"column":16},"end":{"line":29,"column":50}},"12":{"start":{"line":31,"column":12},"end":{"line":31,"column":57}},"13":{"start":{"line":32,"column":12},"end":{"line":32,"column":40}},"14":{"start":{"line":33,"column":12},"end":{"line":33,"column":38}},"15":{"start":{"line":37,"column":8},"end":{"line":47,"column":9}},"16":{"start":{"line":38,"column":12},"end":{"line":46,"column":15}},"17":{"start":{"line":39,"column":35},"end":{"line":39,"column":43}},"18":{"start":{"line":40,"column":16},"end":{"line":45,"column":17}},"19":{"start":{"line":41,"column":35},"end":{"line":41,"column":69}},"20":{"start":{"line":42,"column":20},"end":{"line":44,"column":21}},"21":{"start":{"line":43,"column":24},"end":{"line":43,"column":64}},"22":{"start":{"line":48,"column":8},"end":{"line":48,"column":44}},"23":{"start":{"line":52,"column":8},"end":{"line":52,"column":29}},"24":{"start":{"line":53,"column":8},"end":{"line":53,"column":32}},"25":{"start":{"line":57,"column":8},"end":{"line":60,"column":9}},"26":{"start":{"line":58,"column":12},"end":{"line":58,"column":44}},"27":{"start":{"line":59,"column":12},"end":{"line":59,"column":19}},"28":{"start":{"line":61,"column":31},"end":{"line":61,"column":60}},"29":{"start":{"line":63,"column":8},"end":{"line":66,"column":9}},"30":{"start":{"line":64,"column":12},"end":{"line":64,"column":24}},"31":{"start":{"line":65,"column":12},"end":{"line":65,"column":19}},"32":{"start":{"line":67,"column":8},"end":{"line":69,"column":9}},"33":{"start":{"line":68,"column":12},"end":{"line":68,"column":48}},"34":{"start":{"line":73,"column":8},"end":{"line":76,"column":9}},"35":{"start":{"line":74,"column":12},"end":{"line":74,"column":44}},"36":{"start":{"line":75,"column":12},"end":{"line":75,"column":19}},"37":{"start":{"line":77,"column":31},"end":{"line":77,"column":60}},"38":{"start":{"line":78,"column":8},"end":{"line":82,"column":9}},"39":{"start":{"line":79,"column":12},"end":{"line":79,"column":61}},"40":{"start":{"line":80,"column":12},"end":{"line":80,"column":24}},"41":{"start":{"line":81,"column":12},"end":{"line":81,"column":19}},"42":{"start":{"line":83,"column":8},"end":{"line":85,"column":9}},"43":{"start":{"line":84,"column":12},"end":{"line":84,"column":77}},"44":{"start":{"line":86,"column":8},"end":{"line":88,"column":9}},"45":{"start":{"line":87,"column":12},"end":{"line":87,"column":44}},"46":{"start":{"line":92,"column":8},"end":{"line":100,"column":9}},"47":{"start":{"line":93,"column":35},"end":{"line":93,"column":64}},"48":{"start":{"line":94,"column":12},"end":{"line":99,"column":13}},"49":{"start":{"line":95,"column":16},"end":{"line":98,"column":18}},"50":{"start":{"line":103,"column":8},"end":{"line":116,"column":9}},"51":{"start":{"line":104,"column":35},"end":{"line":104,"column":64}},"52":{"start":{"line":105,"column":12},"end":{"line":115,"column":13}},"53":{"start":{"line":106,"column":16},"end":{"line":114,"column":17}},"54":{"start":{"line":107,"column":20},"end":{"line":109,"column":22}},"55":{"start":{"line":111,"column":20},"end":{"line":113,"column":22}},"56":{"start":{"line":119,"column":8},"end":{"line":126,"column":9}},"57":{"start":{"line":120,"column":35},"end":{"line":120,"column":64}},"58":{"start":{"line":121,"column":12},"end":{"line":125,"column":13}},"59":{"start":{"line":122,"column":16},"end":{"line":122,"column":66}},"60":{"start":{"line":124,"column":16},"end":{"line":124,"column":44}},"61":{"start":{"line":130,"column":8},"end":{"line":146,"column":9}},"62":{"start":{"line":131,"column":35},"end":{"line":131,"column":64}},"63":{"start":{"line":132,"column":12},"end":{"line":134,"column":13}},"64":{"start":{"line":133,"column":16},"end":{"line":133,"column":33}},"65":{"start":{"line":135,"column":40},"end":{"line":138,"column":13}},"66":{"start":{"line":139,"column":12},"end":{"line":144,"column":13}},"67":{"start":{"line":140,"column":16},"end":{"line":143,"column":20}},"68":{"start":{"line":140,"column":72},"end":{"line":143,"column":17}},"69":{"start":{"line":145,"column":12},"end":{"line":145,"column":25}},"70":{"start":{"line":147,"column":8},"end":{"line":147,"column":25}},"71":{"start":{"line":150,"column":8},"end":{"line":150,"column":29}}},"fnMap":{"0":{"name":"(anonymous_0)","decl":{"start":{"line":13,"column":4},"end":{"line":13,"column":5}},"loc":{"start":{"line":13,"column":18},"end":{"line":13,"column":20}},"line":13},"1":{"name":"(anonymous_1)","decl":{"start":{"line":15,"column":4},"end":{"line":15,"column":5}},"loc":{"start":{"line":15,"column":11},"end":{"line":18,"column":5}},"line":15},"2":{"name":"(anonymous_2)","decl":{"start":{"line":20,"column":4},"end":{"line":20,"column":5}},"loc":{"start":{"line":20,"column":30},"end":{"line":35,"column":5}},"line":20},"3":{"name":"(anonymous_3)","decl":{"start":{"line":36,"column":4},"end":{"line":36,"column":5}},"loc":{"start":{"line":36,"column":40},"end":{"line":50,"column":5}},"line":36},"4":{"name":"(anonymous_4)","decl":{"start":{"line":38,"column":35},"end":{"line":38,"column":36}},"loc":{"start":{"line":38,"column":42},"end":{"line":46,"column":13}},"line":38},"5":{"name":"(anonymous_5)","decl":{"start":{"line":51,"column":4},"end":{"line":51,"column":5}},"loc":{"start":{"line":51,"column":32},"end":{"line":54,"column":5}},"line":51},"6":{"name":"(anonymous_6)","decl":{"start":{"line":56,"column":4},"end":{"line":56,"column":5}},"loc":{"start":{"line":56,"column":27},"end":{"line":70,"column":5}},"line":56},"7":{"name":"(anonymous_7)","decl":{"start":{"line":72,"column":4},"end":{"line":72,"column":5}},"loc":{"start":{"line":72,"column":25},"end":{"line":89,"column":5}},"line":72},"8":{"name":"(anonymous_8)","decl":{"start":{"line":91,"column":4},"end":{"line":91,"column":5}},"loc":{"start":{"line":91,"column":16},"end":{"line":101,"column":5}},"line":91},"9":{"name":"(anonymous_9)","decl":{"start":{"line":102,"column":4},"end":{"line":102,"column":5}},"loc":{"start":{"line":102,"column":18},"end":{"line":117,"column":5}},"line":102},"10":{"name":"(anonymous_10)","decl":{"start":{"line":118,"column":4},"end":{"line":118,"column":5}},"loc":{"start":{"line":118,"column":14},"end":{"line":127,"column":5}},"line":118},"11":{"name":"(anonymous_11)","decl":{"start":{"line":129,"column":4},"end":{"line":129,"column":5}},"loc":{"start":{"line":129,"column":22},"end":{"line":148,"column":5}},"line":129},"12":{"name":"(anonymous_12)","decl":{"start":{"line":140,"column":59},"end":{"line":140,"column":60}},"loc":{"start":{"line":140,"column":72},"end":{"line":143,"column":17}},"line":140},"13":{"name":"(anonymous_13)","decl":{"start":{"line":149,"column":4},"end":{"line":149,"column":5}},"loc":{"start":{"line":149,"column":28},"end":{"line":151,"column":5}},"line":149}},"branchMap":{"0":{"loc":{"start":{"line":21,"column":8},"end":{"line":24,"column":9}},"type":"if","locations":[{"start":{"line":21,"column":8},"end":{"line":24,"column":9}},{"start":{},"end":{}}],"line":21},"1":{"loc":{"start":{"line":26,"column":8},"end":{"line":34,"column":9}},"type":"if","locations":[{"start":{"line":26,"column":8},"end":{"line":34,"column":9}},{"start":{},"end":{}}],"line":26},"2":{"loc":{"start":{"line":28,"column":12},"end":{"line":30,"column":13}},"type":"if","locations":[{"start":{"line":28,"column":12},"end":{"line":30,"column":13}},{"start":{},"end":{}}],"line":28},"3":{"loc":{"start":{"line":37,"column":8},"end":{"line":47,"column":9}},"type":"if","locations":[{"start":{"line":37,"column":8},"end":{"line":47,"column":9}},{"start":{},"end":{}}],"line":37},"4":{"loc":{"start":{"line":40,"column":16},"end":{"line":45,"column":17}},"type":"if","locations":[{"start":{"line":40,"column":16},"end":{"line":45,"column":17}},{"start":{},"end":{}}],"line":40},"5":{"loc":{"start":{"line":42,"column":20},"end":{"line":44,"column":21}},"type":"if","locations":[{"start":{"line":42,"column":20},"end":{"line":44,"column":21}},{"start":{},"end":{}}],"line":42},"6":{"loc":{"start":{"line":57,"column":8},"end":{"line":60,"column":9}},"type":"if","locations":[{"start":{"line":57,"column":8},"end":{"line":60,"column":9}},{"start":{},"end":{}}],"line":57},"7":{"loc":{"start":{"line":63,"column":8},"end":{"line":66,"column":9}},"type":"if","locations":[{"start":{"line":63,"column":8},"end":{"line":66,"column":9}},{"start":{},"end":{}}],"line":63},"8":{"loc":{"start":{"line":67,"column":8},"end":{"line":69,"column":9}},"type":"if","locations":[{"start":{"line":67,"column":8},"end":{"line":69,"column":9}},{"start":{},"end":{}}],"line":67},"9":{"loc":{"start":{"line":73,"column":8},"end":{"line":76,"column":9}},"type":"if","locations":[{"start":{"line":73,"column":8},"end":{"line":76,"column":9}},{"start":{},"end":{}}],"line":73},"10":{"loc":{"start":{"line":78,"column":8},"end":{"line":82,"column":9}},"type":"if","locations":[{"start":{"line":78,"column":8},"end":{"line":82,"column":9}},{"start":{},"end":{}}],"line":78},"11":{"loc":{"start":{"line":83,"column":8},"end":{"line":85,"column":9}},"type":"if","locations":[{"start":{"line":83,"column":8},"end":{"line":85,"column":9}},{"start":{},"end":{}}],"line":83},"12":{"loc":{"start":{"line":86,"column":8},"end":{"line":88,"column":9}},"type":"if","locations":[{"start":{"line":86,"column":8},"end":{"line":88,"column":9}},{"start":{},"end":{}}],"line":86},"13":{"loc":{"start":{"line":92,"column":8},"end":{"line":100,"column":9}},"type":"if","locations":[{"start":{"line":92,"column":8},"end":{"line":100,"column":9}},{"start":{},"end":{}}],"line":92},"14":{"loc":{"start":{"line":94,"column":12},"end":{"line":99,"column":13}},"type":"if","locations":[{"start":{"line":94,"column":12},"end":{"line":99,"column":13}},{"start":{},"end":{}}],"line":94},"15":{"loc":{"start":{"line":103,"column":8},"end":{"line":116,"column":9}},"type":"if","locations":[{"start":{"line":103,"column":8},"end":{"line":116,"column":9}},{"start":{},"end":{}}],"line":103},"16":{"loc":{"start":{"line":105,"column":12},"end":{"line":115,"column":13}},"type":"if","locations":[{"start":{"line":105,"column":12},"end":{"line":115,"column":13}},{"start":{},"end":{}}],"line":105},"17":{"loc":{"start":{"line":106,"column":16},"end":{"line":114,"column":17}},"type":"if","locations":[{"start":{"line":106,"column":16},"end":{"line":114,"column":17}},{"start":{"line":110,"column":23},"end":{"line":114,"column":17}}],"line":106},"18":{"loc":{"start":{"line":119,"column":8},"end":{"line":126,"column":9}},"type":"if","locations":[{"start":{"line":119,"column":8},"end":{"line":126,"column":9}},{"start":{},"end":{}}],"line":119},"19":{"loc":{"start":{"line":121,"column":12},"end":{"line":125,"column":13}},"type":"if","locations":[{"start":{"line":121,"column":12},"end":{"line":125,"column":13}},{"start":{"line":123,"column":19},"end":{"line":125,"column":13}}],"line":121},"20":{"loc":{"start":{"line":130,"column":8},"end":{"line":146,"column":9}},"type":"if","locations":[{"start":{"line":130,"column":8},"end":{"line":146,"column":9}},{"start":{},"end":{}}],"line":130},"21":{"loc":{"start":{"line":132,"column":12},"end":{"line":134,"column":13}},"type":"if","locations":[{"start":{"line":132,"column":12},"end":{"line":134,"column":13}},{"start":{},"end":{}}],"line":132},"22":{"loc":{"start":{"line":139,"column":12},"end":{"line":144,"column":13}},"type":"if","locations":[{"start":{"line":139,"column":12},"end":{"line":144,"column":13}},{"start":{},"end":{}}],"line":139}},"s":{"0":0,"1":0,"2":0,"3":0,"4":0,"5":0,"6":0,"7":0,"8":0,"9":0,"10":0,"11":0,"12":0,"13":0,"14":0,"15":0,"16":0,"17":0,"18":0,"19":0,"20":0,"21":0,"22":0,"23":0,"24":0,"25":0,"26":0,"27":0,"28":0,"29":0,"30":0,"31":0,"32":0,"33":0,"34":0,"35":0,"36":0,"37":0,"38":0,"39":0,"40":0,"41":0,"42":0,"43":0,"44":0,"45":0,"46":0,"47":0,"48":0,"49":0,"50":0,"51":0,"52":0,"53":0,"54":0,"55":0,"56":0,"57":0,"58":0,"59":0,"60":0,"61":0,"62":0,"63":0,"64":0,"65":0,"66":0,"67":0,"68":0,"69":0,"70":0,"71":0},"f":{"0":0,"1":0,"2":0,"3":0,"4":0,"5":0,"6":0,"7":0,"8":0,"9":0,"10":0,"11":0,"12":0,"13":0},"b":{"0":[0,0],"1":[0,0],"2":[0,0],"3":[0,0],"4":[0,0],"5":[0,0],"6":[0,0],"7":[0,0],"8":[0,0],"9":[0,0],"10":[0,0],"11":[0,0],"12":[0,0],"13":[0,0],"14":[0,0],"15":[0,0],"16":[0,0],"17":[0,0],"18":[0,0],"19":[0,0],"20":[0,0],"21":[0,0],"22":[0,0]}}
,"/Users/s.meyer/projects/dragonquest/src/gameplay/dialog/StrangerDialog.ts": {"path":"/Users/s.meyer/projects/dragonquest/src/gameplay/dialog/StrangerDialog.ts","statementMap":{"0":{"start":{"line":3,"column":38},"end":{"line":41,"column":1}}},"fnMap":{},"branchMap":{},"s":{"0":0},"f":{},"b":{}}
,"/Users/s.meyer/projects/dragonquest/src/gameplay/types/Character.ts": {"path":"/Users/s.meyer/projects/dragonquest/src/gameplay/types/Character.ts","statementMap":{},"fnMap":{},"branchMap":{},"s":{},"f":{},"b":{}}
,"/Users/s.meyer/projects/dragonquest/src/gameplay/types/Characters.ts": {"path":"/Users/s.meyer/projects/dragonquest/src/gameplay/types/Characters.ts","statementMap":{},"fnMap":{},"branchMap":{},"s":{},"f":{},"b":{}}
,"/Users/s.meyer/projects/dragonquest/src/gameplay/types/CustomAction.ts": {"path":"/Users/s.meyer/projects/dragonquest/src/gameplay/types/CustomAction.ts","statementMap":{},"fnMap":{},"branchMap":{},"s":{},"f":{},"b":{}}
,"/Users/s.meyer/projects/dragonquest/src/gameplay/types/Dialog.ts": {"path":"/Users/s.meyer/projects/dragonquest/src/gameplay/types/Dialog.ts","statementMap":{},"fnMap":{},"branchMap":{},"s":{},"f":{},"b":{}}
,"/Users/s.meyer/projects/dragonquest/src/gameplay/types/DialogAction.ts": {"path":"/Users/s.meyer/projects/dragonquest/src/gameplay/types/DialogAction.ts","statementMap":{},"fnMap":{},"branchMap":{},"s":{},"f":{},"b":{}}
,"/Users/s.meyer/projects/dragonquest/src/gameplay/types/DropItem.ts": {"path":"/Users/s.meyer/projects/dragonquest/src/gameplay/types/DropItem.ts","statementMap":{},"fnMap":{},"branchMap":{},"s":{},"f":{},"b":{}}
,"/Users/s.meyer/projects/dragonquest/src/gameplay/types/DropItemRef.ts": {"path":"/Users/s.meyer/projects/dragonquest/src/gameplay/types/DropItemRef.ts","statementMap":{},"fnMap":{},"branchMap":{},"s":{},"f":{},"b":{}}
,"/Users/s.meyer/projects/dragonquest/src/gameplay/types/Healing.ts": {"path":"/Users/s.meyer/projects/dragonquest/src/gameplay/types/Healing.ts","statementMap":{},"fnMap":{},"branchMap":{},"s":{},"f":{},"b":{}}
,"/Users/s.meyer/projects/dragonquest/src/gameplay/types/Level.ts": {"path":"/Users/s.meyer/projects/dragonquest/src/gameplay/types/Level.ts","statementMap":{},"fnMap":{},"branchMap":{},"s":{},"f":{},"b":{}}
,"/Users/s.meyer/projects/dragonquest/src/gameplay/types/Power.ts": {"path":"/Users/s.meyer/projects/dragonquest/src/gameplay/types/Power.ts","statementMap":{},"fnMap":{},"branchMap":{},"s":{},"f":{},"b":{}}
,"/Users/s.meyer/projects/dragonquest/src/gameplay/types/Powers.ts": {"path":"/Users/s.meyer/projects/dragonquest/src/gameplay/types/Powers.ts","statementMap":{},"fnMap":{},"branchMap":{},"s":{},"f":{},"b":{}}
,"/Users/s.meyer/projects/dragonquest/src/gameplay/types/Weapon.ts": {"path":"/Users/s.meyer/projects/dragonquest/src/gameplay/types/Weapon.ts","statementMap":{},"fnMap":{},"branchMap":{},"s":{},"f":{},"b":{}}
,"/Users/s.meyer/projects/dragonquest/src/gameplay/worldaction/Action.ts": {"path":"/Users/s.meyer/projects/dragonquest/src/gameplay/worldaction/Action.ts","statementMap":{},"fnMap":{},"branchMap":{},"s":{},"f":{},"b":{}}
,"/Users/s.meyer/projects/dragonquest/src/gameplay/worldaction/CharacterAction.ts": {"path":"/Users/s.meyer/projects/dragonquest/src/gameplay/worldaction/CharacterAction.ts","statementMap":{"0":{"start":{"line":6,"column":39},"end":{"line":32,"column":1}},"1":{"start":{"line":7,"column":17},"end":{"line":7,"column":54}},"2":{"start":{"line":8,"column":23},"end":{"line":10,"column":6}}},"fnMap":{"0":{"name":"(anonymous_0)","decl":{"start":{"line":6,"column":39},"end":{"line":6,"column":40}},"loc":{"start":{"line":6,"column":63},"end":{"line":32,"column":1}},"line":6}},"branchMap":{},"s":{"0":0,"1":0,"2":0},"f":{"0":0},"b":{}}
,"/Users/s.meyer/projects/dragonquest/src/gameplay/worldaction/DialogAction.ts": {"path":"/Users/s.meyer/projects/dragonquest/src/gameplay/worldaction/DialogAction.ts","statementMap":{"0":{"start":{"line":5,"column":36},"end":{"line":28,"column":1}},"1":{"start":{"line":6,"column":17},"end":{"line":6,"column":54}},"2":{"start":{"line":7,"column":17},"end":{"line":13,"column":5}},"3":{"start":{"line":14,"column":4},"end":{"line":14,"column":36}},"4":{"start":{"line":16,"column":4},"end":{"line":18,"column":5}},"5":{"start":{"line":17,"column":8},"end":{"line":17,"column":15}},"6":{"start":{"line":19,"column":4},"end":{"line":27,"column":6}},"7":{"start":{"line":23,"column":12},"end":{"line":23,"column":27}},"8":{"start":{"line":24,"column":12},"end":{"line":24,"column":49}}},"fnMap":{"0":{"name":"(anonymous_0)","decl":{"start":{"line":5,"column":36},"end":{"line":5,"column":37}},"loc":{"start":{"line":5,"column":60},"end":{"line":28,"column":1}},"line":5},"1":{"name":"(anonymous_1)","decl":{"start":{"line":22,"column":8},"end":{"line":22,"column":9}},"loc":{"start":{"line":22,"column":26},"end":{"line":25,"column":9}},"line":22}},"branchMap":{"0":{"loc":{"start":{"line":16,"column":4},"end":{"line":18,"column":5}},"type":"if","locations":[{"start":{"line":16,"column":4},"end":{"line":18,"column":5}},{"start":{},"end":{}}],"line":16}},"s":{"0":0,"1":0,"2":0,"3":0,"4":0,"5":0,"6":0,"7":0,"8":0},"f":{"0":0,"1":0},"b":{"0":[0,0]}}
,"/Users/s.meyer/projects/dragonquest/src/gameplay/worldaction/DoorAction.ts": {"path":"/Users/s.meyer/projects/dragonquest/src/gameplay/worldaction/DoorAction.ts","statementMap":{"0":{"start":{"line":6,"column":27},"end":{"line":61,"column":1}},"1":{"start":{"line":7,"column":4},"end":{"line":9,"column":5}},"2":{"start":{"line":8,"column":8},"end":{"line":8,"column":15}}},"fnMap":{"0":{"name":"(anonymous_0)","decl":{"start":{"line":6,"column":27},"end":{"line":6,"column":28}},"loc":{"start":{"line":6,"column":51},"end":{"line":61,"column":1}},"line":6}},"branchMap":{"0":{"loc":{"start":{"line":7,"column":4},"end":{"line":9,"column":5}},"type":"if","locations":[{"start":{"line":7,"column":4},"end":{"line":9,"column":5}},{"start":{},"end":{}}],"line":7}},"s":{"0":0,"1":0,"2":0},"f":{"0":0},"b":{"0":[0,0]}}
,"/Users/s.meyer/projects/dragonquest/src/gameplay/worldaction/EntryAction.ts": {"path":"/Users/s.meyer/projects/dragonquest/src/gameplay/worldaction/EntryAction.ts","statementMap":{"0":{"start":{"line":3,"column":35},"end":{"line":5,"column":1}},"1":{"start":{"line":4,"column":4},"end":{"line":4,"column":32}}},"fnMap":{"0":{"name":"(anonymous_0)","decl":{"start":{"line":3,"column":35},"end":{"line":3,"column":36}},"loc":{"start":{"line":3,"column":59},"end":{"line":5,"column":1}},"line":3}},"branchMap":{},"s":{"0":0,"1":0},"f":{"0":0},"b":{}}
,"/Users/s.meyer/projects/dragonquest/src/gameplay/worldaction/FoodAction.ts": {"path":"/Users/s.meyer/projects/dragonquest/src/gameplay/worldaction/FoodAction.ts","statementMap":{"0":{"start":{"line":6,"column":34},"end":{"line":44,"column":1}},"1":{"start":{"line":7,"column":19},"end":{"line":7,"column":31}},"2":{"start":{"line":8,"column":4},"end":{"line":10,"column":5}},"3":{"start":{"line":9,"column":8},"end":{"line":9,"column":15}},"4":{"start":{"line":11,"column":50},"end":{"line":11,"column":52}},"5":{"start":{"line":12,"column":23},"end":{"line":12,"column":57}},"6":{"start":{"line":13,"column":4},"end":{"line":39,"column":5}},"7":{"start":{"line":14,"column":26},"end":{"line":16,"column":10}},"8":{"start":{"line":17,"column":24},"end":{"line":19,"column":43}},"9":{"start":{"line":18,"column":25},"end":{"line":18,"column":60}},"10":{"start":{"line":19,"column":33},"end":{"line":19,"column":42}},"11":{"start":{"line":21,"column":8},"end":{"line":38,"column":15}},"12":{"start":{"line":22,"column":35},"end":{"line":22,"column":55}},"13":{"start":{"line":24,"column":32},"end":{"line":24,"column":74}},"14":{"start":{"line":25,"column":16},"end":{"line":37,"column":17}},"15":{"start":{"line":26,"column":35},"end":{"line":30,"column":22}},"16":{"start":{"line":31,"column":20},"end":{"line":31,"column":42}},"17":{"start":{"line":32,"column":20},"end":{"line":32,"column":42}},"18":{"start":{"line":33,"column":20},"end":{"line":33,"column":54}},"19":{"start":{"line":34,"column":20},"end":{"line":34,"column":63}},"20":{"start":{"line":36,"column":20},"end":{"line":36,"column":80}},"21":{"start":{"line":40,"column":18},"end":{"line":40,"column":57}},"22":{"start":{"line":41,"column":4},"end":{"line":43,"column":7}},"23":{"start":{"line":42,"column":8},"end":{"line":42,"column":93}}},"fnMap":{"0":{"name":"(anonymous_0)","decl":{"start":{"line":6,"column":34},"end":{"line":6,"column":35}},"loc":{"start":{"line":6,"column":58},"end":{"line":44,"column":1}},"line":6},"1":{"name":"(anonymous_1)","decl":{"start":{"line":18,"column":17},"end":{"line":18,"column":18}},"loc":{"start":{"line":18,"column":25},"end":{"line":18,"column":60}},"line":18},"2":{"name":"(anonymous_2)","decl":{"start":{"line":19,"column":20},"end":{"line":19,"column":21}},"loc":{"start":{"line":19,"column":33},"end":{"line":19,"column":42}},"line":19},"3":{"name":"(anonymous_3)","decl":{"start":{"line":22,"column":20},"end":{"line":22,"column":21}},"loc":{"start":{"line":22,"column":35},"end":{"line":22,"column":55}},"line":22},"4":{"name":"(anonymous_4)","decl":{"start":{"line":23,"column":21},"end":{"line":23,"column":22}},"loc":{"start":{"line":23,"column":41},"end":{"line":38,"column":13}},"line":23},"5":{"name":"(anonymous_5)","decl":{"start":{"line":41,"column":21},"end":{"line":41,"column":22}},"loc":{"start":{"line":41,"column":32},"end":{"line":43,"column":5}},"line":41}},"branchMap":{"0":{"loc":{"start":{"line":8,"column":4},"end":{"line":10,"column":5}},"type":"if","locations":[{"start":{"line":8,"column":4},"end":{"line":10,"column":5}},{"start":{},"end":{}}],"line":8},"1":{"loc":{"start":{"line":13,"column":4},"end":{"line":39,"column":5}},"type":"if","locations":[{"start":{"line":13,"column":4},"end":{"line":39,"column":5}},{"start":{},"end":{}}],"line":13},"2":{"loc":{"start":{"line":25,"column":16},"end":{"line":37,"column":17}},"type":"if","locations":[{"start":{"line":25,"column":16},"end":{"line":37,"column":17}},{"start":{"line":35,"column":23},"end":{"line":37,"column":17}}],"line":25}},"s":{"0":0,"1":0,"2":0,"3":0,"4":0,"5":0,"6":0,"7":0,"8":0,"9":0,"10":0,"11":0,"12":0,"13":0,"14":0,"15":0,"16":0,"17":0,"18":0,"19":0,"20":0,"21":0,"22":0,"23":0},"f":{"0":0,"1":0,"2":0,"3":0,"4":0,"5":0},"b":{"0":[0,0],"1":[0,0],"2":[0,0]}}
,"/Users/s.meyer/projects/dragonquest/src/gameplay/worldaction/GatewayAction.ts": {"path":"/Users/s.meyer/projects/dragonquest/src/gameplay/worldaction/GatewayAction.ts","statementMap":{"0":{"start":{"line":4,"column":30},"end":{"line":28,"column":1}},"1":{"start":{"line":5,"column":19},"end":{"line":5,"column":58}},"2":{"start":{"line":6,"column":17},"end":{"line":9,"column":27}},"3":{"start":{"line":10,"column":18},"end":{"line":10,"column":49}},"4":{"start":{"line":12,"column":4},"end":{"line":14,"column":5}},"5":{"start":{"line":13,"column":8},"end":{"line":13,"column":15}},"6":{"start":{"line":15,"column":4},"end":{"line":27,"column":6}},"7":{"start":{"line":19,"column":12},"end":{"line":19,"column":32}},"8":{"start":{"line":20,"column":12},"end":{"line":24,"column":13}},"9":{"start":{"line":21,"column":16},"end":{"line":21,"column":41}},"10":{"start":{"line":23,"column":16},"end":{"line":23,"column":43}}},"fnMap":{"0":{"name":"(anonymous_0)","decl":{"start":{"line":4,"column":30},"end":{"line":4,"column":31}},"loc":{"start":{"line":4,"column":54},"end":{"line":28,"column":1}},"line":4},"1":{"name":"(anonymous_1)","decl":{"start":{"line":18,"column":8},"end":{"line":18,"column":9}},"loc":{"start":{"line":18,"column":26},"end":{"line":25,"column":9}},"line":18}},"branchMap":{"0":{"loc":{"start":{"line":12,"column":4},"end":{"line":14,"column":5}},"type":"if","locations":[{"start":{"line":12,"column":4},"end":{"line":14,"column":5}},{"start":{},"end":{}}],"line":12},"1":{"loc":{"start":{"line":20,"column":12},"end":{"line":24,"column":13}},"type":"if","locations":[{"start":{"line":20,"column":12},"end":{"line":24,"column":13}},{"start":{"line":22,"column":19},"end":{"line":24,"column":13}}],"line":20}},"s":{"0":0,"1":0,"2":0,"3":0,"4":0,"5":0,"6":0,"7":0,"8":0,"9":0,"10":0},"f":{"0":0,"1":0},"b":{"0":[0,0],"1":[0,0]}}
,"/Users/s.meyer/projects/dragonquest/src/gameplay/worldaction/ItemAction.ts": {"path":"/Users/s.meyer/projects/dragonquest/src/gameplay/worldaction/ItemAction.ts","statementMap":{},"fnMap":{},"branchMap":{},"s":{},"f":{},"b":{}}
,"/Users/s.meyer/projects/dragonquest/src/gameplay/worldaction/LayerAction.ts": {"path":"/Users/s.meyer/projects/dragonquest/src/gameplay/worldaction/LayerAction.ts","statementMap":{},"fnMap":{},"branchMap":{},"s":{},"f":{},"b":{}}
,"/Users/s.meyer/projects/dragonquest/src/gameplay/worldaction/LayerObject.ts": {"path":"/Users/s.meyer/projects/dragonquest/src/gameplay/worldaction/LayerObject.ts","statementMap":{"0":{"start":{"line":18,"column":8},"end":{"line":20,"column":9}},"1":{"start":{"line":19,"column":12},"end":{"line":19,"column":24}},"2":{"start":{"line":21,"column":22},"end":{"line":21,"column":77}},"3":{"start":{"line":21,"column":59},"end":{"line":21,"column":76}},"4":{"start":{"line":22,"column":8},"end":{"line":26,"column":9}},"5":{"start":{"line":23,"column":25},"end":{"line":23,"column":33}},"6":{"start":{"line":25,"column":12},"end":{"line":25,"column":30}},"7":{"start":{"line":27,"column":8},"end":{"line":27,"column":20}},"8":{"start":{"line":31,"column":8},"end":{"line":31,"column":60}},"9":{"start":{"line":31,"column":49},"end":{"line":31,"column":58}},"10":{"start":{"line":35,"column":21},"end":{"line":35,"column":38}},"11":{"start":{"line":36,"column":8},"end":{"line":38,"column":9}},"12":{"start":{"line":37,"column":12},"end":{"line":37,"column":58}},"13":{"start":{"line":37,"column":47},"end":{"line":37,"column":56}},"14":{"start":{"line":39,"column":8},"end":{"line":39,"column":20}},"15":{"start":{"line":43,"column":45},"end":{"line":43,"column":68}},"16":{"start":{"line":44,"column":8},"end":{"line":46,"column":11}},"17":{"start":{"line":45,"column":12},"end":{"line":45,"column":42}},"18":{"start":{"line":47,"column":8},"end":{"line":47,"column":20}},"19":{"start":{"line":51,"column":8},"end":{"line":51,"column":26}},"20":{"start":{"line":55,"column":8},"end":{"line":55,"column":29}},"21":{"start":{"line":59,"column":8},"end":{"line":59,"column":26}},"22":{"start":{"line":63,"column":8},"end":{"line":63,"column":30}},"23":{"start":{"line":67,"column":8},"end":{"line":67,"column":31}}},"fnMap":{"0":{"name":"(anonymous_0)","decl":{"start":{"line":15,"column":4},"end":{"line":15,"column":5}},"loc":{"start":{"line":15,"column":55},"end":{"line":15,"column":57}},"line":15},"1":{"name":"(anonymous_1)","decl":{"start":{"line":17,"column":4},"end":{"line":17,"column":5}},"loc":{"start":{"line":17,"column":25},"end":{"line":28,"column":5}},"line":17},"2":{"name":"(anonymous_2)","decl":{"start":{"line":21,"column":49},"end":{"line":21,"column":50}},"loc":{"start":{"line":21,"column":59},"end":{"line":21,"column":76}},"line":21},"3":{"name":"(anonymous_3)","decl":{"start":{"line":30,"column":4},"end":{"line":30,"column":5}},"loc":{"start":{"line":30,"column":14},"end":{"line":32,"column":5}},"line":30},"4":{"name":"(anonymous_4)","decl":{"start":{"line":31,"column":39},"end":{"line":31,"column":40}},"loc":{"start":{"line":31,"column":49},"end":{"line":31,"column":58}},"line":31},"5":{"name":"(anonymous_5)","decl":{"start":{"line":34,"column":4},"end":{"line":34,"column":5}},"loc":{"start":{"line":34,"column":29},"end":{"line":40,"column":5}},"line":34},"6":{"name":"(anonymous_6)","decl":{"start":{"line":37,"column":39},"end":{"line":37,"column":40}},"loc":{"start":{"line":37,"column":47},"end":{"line":37,"column":56}},"line":37},"7":{"name":"(anonymous_7)","decl":{"start":{"line":42,"column":4},"end":{"line":42,"column":5}},"loc":{"start":{"line":42,"column":17},"end":{"line":48,"column":5}},"line":42},"8":{"name":"(anonymous_8)","decl":{"start":{"line":44,"column":31},"end":{"line":44,"column":32}},"loc":{"start":{"line":44,"column":40},"end":{"line":46,"column":9}},"line":44},"9":{"name":"(anonymous_9)","decl":{"start":{"line":50,"column":4},"end":{"line":50,"column":5}},"loc":{"start":{"line":50,"column":12},"end":{"line":52,"column":5}},"line":50},"10":{"name":"(anonymous_10)","decl":{"start":{"line":54,"column":4},"end":{"line":54,"column":5}},"loc":{"start":{"line":54,"column":15},"end":{"line":56,"column":5}},"line":54},"11":{"name":"(anonymous_11)","decl":{"start":{"line":58,"column":4},"end":{"line":58,"column":5}},"loc":{"start":{"line":58,"column":12},"end":{"line":60,"column":5}},"line":58},"12":{"name":"(anonymous_12)","decl":{"start":{"line":62,"column":4},"end":{"line":62,"column":5}},"loc":{"start":{"line":62,"column":16},"end":{"line":64,"column":5}},"line":62},"13":{"name":"(anonymous_13)","decl":{"start":{"line":66,"column":4},"end":{"line":66,"column":5}},"loc":{"start":{"line":66,"column":17},"end":{"line":68,"column":5}},"line":66}},"branchMap":{"0":{"loc":{"start":{"line":18,"column":8},"end":{"line":20,"column":9}},"type":"if","locations":[{"start":{"line":18,"column":8},"end":{"line":20,"column":9}},{"start":{},"end":{}}],"line":18},"1":{"loc":{"start":{"line":22,"column":8},"end":{"line":26,"column":9}},"type":"if","locations":[{"start":{"line":22,"column":8},"end":{"line":26,"column":9}},{"start":{},"end":{}}],"line":22},"2":{"loc":{"start":{"line":36,"column":8},"end":{"line":38,"column":9}},"type":"if","locations":[{"start":{"line":36,"column":8},"end":{"line":38,"column":9}},{"start":{},"end":{}}],"line":36},"3":{"loc":{"start":{"line":36,"column":12},"end":{"line":36,"column":53}},"type":"binary-expr","locations":[{"start":{"line":36,"column":12},"end":{"line":36,"column":25}},{"start":{"line":36,"column":29},"end":{"line":36,"column":53}}],"line":36}},"s":{"0":0,"1":0,"2":0,"3":0,"4":0,"5":0,"6":0,"7":0,"8":0,"9":0,"10":0,"11":0,"12":0,"13":0,"14":0,"15":0,"16":0,"17":0,"18":0,"19":0,"20":0,"21":0,"22":0,"23":0},"f":{"0":0,"1":0,"2":0,"3":0,"4":0,"5":0,"6":0,"7":0,"8":0,"9":0,"10":0,"11":0,"12":0,"13":0},"b":{"0":[0,0],"1":[0,0],"2":[0,0],"3":[0,0]}}
,"/Users/s.meyer/projects/dragonquest/src/gameplay/worldaction/MonsterAction.ts": {"path":"/Users/s.meyer/projects/dragonquest/src/gameplay/worldaction/MonsterAction.ts","statementMap":{"0":{"start":{"line":6,"column":37},"end":{"line":53,"column":1}},"1":{"start":{"line":7,"column":19},"end":{"line":7,"column":31}},"2":{"start":{"line":8,"column":4},"end":{"line":10,"column":5}},"3":{"start":{"line":9,"column":8},"end":{"line":9,"column":15}},"4":{"start":{"line":11,"column":50},"end":{"line":11,"column":52}},"5":{"start":{"line":12,"column":24},"end":{"line":12,"column":61}},"6":{"start":{"line":13,"column":25},"end":{"line":13,"column":64}},"7":{"start":{"line":14,"column":4},"end":{"line":30,"column":5}},"8":{"start":{"line":15,"column":26},"end":{"line":17,"column":10}},"9":{"start":{"line":19,"column":8},"end":{"line":29,"column":11}},"10":{"start":{"line":20,"column":27},"end":{"line":24,"column":14}},"11":{"start":{"line":25,"column":12},"end":{"line":25,"column":34}},"12":{"start":{"line":26,"column":12},"end":{"line":26,"column":34}},"13":{"start":{"line":27,"column":12},"end":{"line":27,"column":46}},"14":{"start":{"line":28,"column":12},"end":{"line":28,"column":49}},"15":{"start":{"line":31,"column":18},"end":{"line":31,"column":57}},"16":{"start":{"line":32,"column":4},"end":{"line":52,"column":7}},"17":{"start":{"line":33,"column":8},"end":{"line":38,"column":48}},"18":{"start":{"line":37,"column":12},"end":{"line":37,"column":61}},"19":{"start":{"line":39,"column":8},"end":{"line":51,"column":10}},"20":{"start":{"line":42,"column":16},"end":{"line":48,"column":17}},"21":{"start":{"line":43,"column":20},"end":{"line":47,"column":23}},"22":{"start":{"line":44,"column":24},"end":{"line":46,"column":25}},"23":{"start":{"line":45,"column":28},"end":{"line":45,"column":53}}},"fnMap":{"0":{"name":"(anonymous_0)","decl":{"start":{"line":6,"column":37},"end":{"line":6,"column":38}},"loc":{"start":{"line":6,"column":61},"end":{"line":53,"column":1}},"line":6},"1":{"name":"(anonymous_1)","decl":{"start":{"line":19,"column":29},"end":{"line":19,"column":30}},"loc":{"start":{"line":19,"column":47},"end":{"line":29,"column":9}},"line":19},"2":{"name":"(anonymous_2)","decl":{"start":{"line":32,"column":21},"end":{"line":32,"column":22}},"loc":{"start":{"line":32,"column":32},"end":{"line":52,"column":5}},"line":32},"3":{"name":"(anonymous_3)","decl":{"start":{"line":33,"column":50},"end":{"line":33,"column":51}},"loc":{"start":{"line":36,"column":13},"end":{"line":38,"column":9}},"line":36},"4":{"name":"(anonymous_4)","decl":{"start":{"line":41,"column":12},"end":{"line":41,"column":13}},"loc":{"start":{"line":41,"column":49},"end":{"line":49,"column":13}},"line":41},"5":{"name":"(anonymous_5)","decl":{"start":{"line":43,"column":45},"end":{"line":43,"column":46}},"loc":{"start":{"line":43,"column":56},"end":{"line":47,"column":21}},"line":43}},"branchMap":{"0":{"loc":{"start":{"line":8,"column":4},"end":{"line":10,"column":5}},"type":"if","locations":[{"start":{"line":8,"column":4},"end":{"line":10,"column":5}},{"start":{},"end":{}}],"line":8},"1":{"loc":{"start":{"line":14,"column":4},"end":{"line":30,"column":5}},"type":"if","locations":[{"start":{"line":14,"column":4},"end":{"line":30,"column":5}},{"start":{},"end":{}}],"line":14},"2":{"loc":{"start":{"line":14,"column":8},"end":{"line":14,"column":47}},"type":"binary-expr","locations":[{"start":{"line":14,"column":8},"end":{"line":14,"column":20}},{"start":{"line":14,"column":24},"end":{"line":14,"column":47}}],"line":14},"3":{"loc":{"start":{"line":42,"column":16},"end":{"line":48,"column":17}},"type":"if","locations":[{"start":{"line":42,"column":16},"end":{"line":48,"column":17}},{"start":{},"end":{}}],"line":42},"4":{"loc":{"start":{"line":42,"column":20},"end":{"line":42,"column":44}},"type":"binary-expr","locations":[{"start":{"line":42,"column":20},"end":{"line":42,"column":24}},{"start":{"line":42,"column":28},"end":{"line":42,"column":44}}],"line":42},"5":{"loc":{"start":{"line":44,"column":24},"end":{"line":46,"column":25}},"type":"if","locations":[{"start":{"line":44,"column":24},"end":{"line":46,"column":25}},{"start":{},"end":{}}],"line":44}},"s":{"0":0,"1":0,"2":0,"3":0,"4":0,"5":0,"6":0,"7":0,"8":0,"9":0,"10":0,"11":0,"12":0,"13":0,"14":0,"15":0,"16":0,"17":0,"18":0,"19":0,"20":0,"21":0,"22":0,"23":0},"f":{"0":0,"1":0,"2":0,"3":0,"4":0,"5":0},"b":{"0":[0,0],"1":[0,0],"2":[0,0],"3":[0,0],"4":[0,0],"5":[0,0]}}
,"/Users/s.meyer/projects/dragonquest/src/gameplay/worldaction/MonsterActionState.ts": {"path":"/Users/s.meyer/projects/dragonquest/src/gameplay/worldaction/MonsterActionState.ts","statementMap":{"0":{"start":{"line":10,"column":8},"end":{"line":10,"column":54}},"1":{"start":{"line":18,"column":8},"end":{"line":18,"column":35}},"2":{"start":{"line":19,"column":8},"end":{"line":19,"column":33}},"3":{"start":{"line":20,"column":8},"end":{"line":30,"column":9}},"4":{"start":{"line":21,"column":12},"end":{"line":24,"column":15}},"5":{"start":{"line":26,"column":12},"end":{"line":29,"column":15}},"6":{"start":{"line":34,"column":8},"end":{"line":45,"column":9}},"7":{"start":{"line":35,"column":12},"end":{"line":44,"column":19}},"8":{"start":{"line":38,"column":24},"end":{"line":40,"column":36}},"9":{"start":{"line":39,"column":39},"end":{"line":39,"column":75}},"10":{"start":{"line":43,"column":20},"end":{"line":43,"column":37}}},"fnMap":{"0":{"name":"(anonymous_0)","decl":{"start":{"line":6,"column":4},"end":{"line":6,"column":5}},"loc":{"start":{"line":9,"column":6},"end":{"line":11,"column":5}},"line":9},"1":{"name":"(anonymous_1)","decl":{"start":{"line":13,"column":4},"end":{"line":13,"column":5}},"loc":{"start":{"line":17,"column":6},"end":{"line":31,"column":5}},"line":17},"2":{"name":"(anonymous_2)","decl":{"start":{"line":33,"column":4},"end":{"line":33,"column":5}},"loc":{"start":{"line":33,"column":40},"end":{"line":46,"column":5}},"line":33},"3":{"name":"(anonymous_3)","decl":{"start":{"line":37,"column":20},"end":{"line":37,"column":21}},"loc":{"start":{"line":38,"column":24},"end":{"line":40,"column":36}},"line":38},"4":{"name":"(anonymous_4)","decl":{"start":{"line":39,"column":28},"end":{"line":39,"column":29}},"loc":{"start":{"line":39,"column":39},"end":{"line":39,"column":75}},"line":39},"5":{"name":"(anonymous_5)","decl":{"start":{"line":42,"column":25},"end":{"line":42,"column":26}},"loc":{"start":{"line":42,"column":37},"end":{"line":44,"column":17}},"line":42}},"branchMap":{"0":{"loc":{"start":{"line":20,"column":8},"end":{"line":30,"column":9}},"type":"if","locations":[{"start":{"line":20,"column":8},"end":{"line":30,"column":9}},{"start":{"line":25,"column":15},"end":{"line":30,"column":9}}],"line":20},"1":{"loc":{"start":{"line":34,"column":8},"end":{"line":45,"column":9}},"type":"if","locations":[{"start":{"line":34,"column":8},"end":{"line":45,"column":9}},{"start":{},"end":{}}],"line":34},"2":{"loc":{"start":{"line":34,"column":12},"end":{"line":34,"column":59}},"type":"binary-expr","locations":[{"start":{"line":34,"column":12},"end":{"line":34,"column":28}},{"start":{"line":34,"column":32},"end":{"line":34,"column":59}}],"line":34}},"s":{"0":0,"1":0,"2":0,"3":0,"4":0,"5":0,"6":0,"7":0,"8":0,"9":0,"10":0},"f":{"0":0,"1":0,"2":0,"3":0,"4":0,"5":0},"b":{"0":[0,0],"1":[0,0],"2":[0,0]}}
,"/Users/s.meyer/projects/dragonquest/src/gameplay/worldaction/PickupAction.ts": {"path":"/Users/s.meyer/projects/dragonquest/src/gameplay/worldaction/PickupAction.ts","statementMap":{"0":{"start":{"line":5,"column":28},"end":{"line":42,"column":1}},"1":{"start":{"line":10,"column":4},"end":{"line":41,"column":6}},"2":{"start":{"line":15,"column":22},"end":{"line":17,"column":10}},"3":{"start":{"line":18,"column":24},"end":{"line":18,"column":72}},"4":{"start":{"line":18,"column":49},"end":{"line":18,"column":71}},"5":{"start":{"line":19,"column":25},"end":{"line":19,"column":47}},"6":{"start":{"line":20,"column":8},"end":{"line":40,"column":11}},"7":{"start":{"line":21,"column":32},"end":{"line":28,"column":13}},"8":{"start":{"line":29,"column":12},"end":{"line":39,"column":15}},"9":{"start":{"line":30,"column":16},"end":{"line":32,"column":17}},"10":{"start":{"line":31,"column":20},"end":{"line":31,"column":27}},"11":{"start":{"line":33,"column":16},"end":{"line":33,"column":38}},"12":{"start":{"line":34,"column":16},"end":{"line":38,"column":18}}},"fnMap":{"0":{"name":"(anonymous_0)","decl":{"start":{"line":5,"column":28},"end":{"line":5,"column":29}},"loc":{"start":{"line":9,"column":5},"end":{"line":42,"column":1}},"line":9},"1":{"name":"(anonymous_1)","decl":{"start":{"line":10,"column":11},"end":{"line":10,"column":12}},"loc":{"start":{"line":14,"column":9},"end":{"line":41,"column":5}},"line":14},"2":{"name":"(anonymous_2)","decl":{"start":{"line":18,"column":42},"end":{"line":18,"column":43}},"loc":{"start":{"line":18,"column":49},"end":{"line":18,"column":71}},"line":18},"3":{"name":"(anonymous_3)","decl":{"start":{"line":20,"column":29},"end":{"line":20,"column":30}},"loc":{"start":{"line":20,"column":45},"end":{"line":40,"column":9}},"line":20},"4":{"name":"(anonymous_4)","decl":{"start":{"line":29,"column":32},"end":{"line":29,"column":33}},"loc":{"start":{"line":29,"column":48},"end":{"line":39,"column":13}},"line":29}},"branchMap":{"0":{"loc":{"start":{"line":19,"column":25},"end":{"line":19,"column":47}},"type":"binary-expr","locations":[{"start":{"line":19,"column":25},"end":{"line":19,"column":42}},{"start":{"line":19,"column":46},"end":{"line":19,"column":47}}],"line":19},"1":{"loc":{"start":{"line":30,"column":16},"end":{"line":32,"column":17}},"type":"if","locations":[{"start":{"line":30,"column":16},"end":{"line":32,"column":17}},{"start":{},"end":{}}],"line":30}},"s":{"0":0,"1":0,"2":0,"3":0,"4":0,"5":0,"6":0,"7":0,"8":0,"9":0,"10":0,"11":0,"12":0},"f":{"0":0,"1":0,"2":0,"3":0,"4":0},"b":{"0":[0,0],"1":[0,0]}}
,"/Users/s.meyer/projects/dragonquest/src/gui/List.ts": {"path":"/Users/s.meyer/projects/dragonquest/src/gui/List.ts","statementMap":{},"fnMap":{},"branchMap":{},"s":{},"f":{},"b":{}}
,"/Users/s.meyer/projects/dragonquest/src/gui/Property.ts": {"path":"/Users/s.meyer/projects/dragonquest/src/gui/Property.ts","statementMap":{},"fnMap":{},"branchMap":{},"s":{},"f":{},"b":{}}
,"/Users/s.meyer/projects/dragonquest/src/gui/SelectableText.ts": {"path":"/Users/s.meyer/projects/dragonquest/src/gui/SelectableText.ts","statementMap":{},"fnMap":{},"branchMap":{},"s":{},"f":{},"b":{}}
,"/Users/s.meyer/projects/dragonquest/src/gui/Table.ts": {"path":"/Users/s.meyer/projects/dragonquest/src/gui/Table.ts","statementMap":{"0":{"start":{"line":8,"column":8},"end":{"line":10,"column":9}},"1":{"start":{"line":9,"column":12},"end":{"line":9,"column":32}},"2":{"start":{"line":11,"column":8},"end":{"line":11,"column":26}},"3":{"start":{"line":15,"column":21},"end":{"line":20,"column":10}},"4":{"start":{"line":21,"column":8},"end":{"line":25,"column":9}},"5":{"start":{"line":22,"column":12},"end":{"line":24,"column":15}},"6":{"start":{"line":23,"column":16},"end":{"line":23,"column":40}},"7":{"start":{"line":30,"column":24},"end":{"line":30,"column":26}},"8":{"start":{"line":35,"column":8},"end":{"line":35,"column":30}},"9":{"start":{"line":39,"column":8},"end":{"line":39,"column":34}},"10":{"start":{"line":53,"column":18},"end":{"line":53,"column":20}},"11":{"start":{"line":54,"column":17},"end":{"line":54,"column":18}},"12":{"start":{"line":56,"column":8},"end":{"line":56,"column":29}},"13":{"start":{"line":57,"column":8},"end":{"line":59,"column":10}},"14":{"start":{"line":58,"column":28},"end":{"line":58,"column":56}},"15":{"start":{"line":63,"column":20},"end":{"line":63,"column":62}},"16":{"start":{"line":64,"column":8},"end":{"line":64,"column":28}},"17":{"start":{"line":65,"column":8},"end":{"line":65,"column":19}},"18":{"start":{"line":69,"column":8},"end":{"line":69,"column":52}},"19":{"start":{"line":70,"column":8},"end":{"line":70,"column":52}},"20":{"start":{"line":71,"column":25},"end":{"line":71,"column":36}},"21":{"start":{"line":72,"column":21},"end":{"line":72,"column":30}},"22":{"start":{"line":74,"column":26},"end":{"line":74,"column":27}},"23":{"start":{"line":75,"column":8},"end":{"line":75,"column":59}},"24":{"start":{"line":75,"column":31},"end":{"line":75,"column":56}},"25":{"start":{"line":77,"column":8},"end":{"line":77,"column":74}},"26":{"start":{"line":79,"column":8},"end":{"line":83,"column":11}},"27":{"start":{"line":80,"column":25},"end":{"line":80,"column":26}},"28":{"start":{"line":81,"column":25},"end":{"line":81,"column":45}},"29":{"start":{"line":82,"column":12},"end":{"line":82,"column":71}},"30":{"start":{"line":95,"column":23},"end":{"line":95,"column":24}},"31":{"start":{"line":96,"column":8},"end":{"line":100,"column":11}},"32":{"start":{"line":97,"column":37},"end":{"line":97,"column":64}},"33":{"start":{"line":98,"column":12},"end":{"line":98,"column":74}},"34":{"start":{"line":99,"column":12},"end":{"line":99,"column":51}},"35":{"start":{"line":110,"column":8},"end":{"line":110,"column":69}},"36":{"start":{"line":111,"column":8},"end":{"line":111,"column":66}}},"fnMap":{"0":{"name":"(anonymous_0)","decl":{"start":{"line":5,"column":4},"end":{"line":5,"column":5}},"loc":{"start":{"line":5,"column":56},"end":{"line":5,"column":58}},"line":5},"1":{"name":"(anonymous_1)","decl":{"start":{"line":7,"column":4},"end":{"line":7,"column":5}},"loc":{"start":{"line":7,"column":15},"end":{"line":12,"column":5}},"line":7},"2":{"name":"(anonymous_2)","decl":{"start":{"line":14,"column":4},"end":{"line":14,"column":5}},"loc":{"start":{"line":14,"column":76},"end":{"line":26,"column":5}},"line":14},"3":{"name":"(anonymous_3)","decl":{"start":{"line":22,"column":20},"end":{"line":22,"column":21}},"loc":{"start":{"line":22,"column":26},"end":{"line":24,"column":13}},"line":22},"4":{"name":"(anonymous_4)","decl":{"start":{"line":32,"column":4},"end":{"line":32,"column":5}},"loc":{"start":{"line":32,"column":52},"end":{"line":32,"column":54}},"line":32},"5":{"name":"(anonymous_5)","decl":{"start":{"line":34,"column":4},"end":{"line":34,"column":5}},"loc":{"start":{"line":34,"column":28},"end":{"line":36,"column":5}},"line":34},"6":{"name":"(anonymous_6)","decl":{"start":{"line":38,"column":4},"end":{"line":38,"column":5}},"loc":{"start":{"line":38,"column":17},"end":{"line":40,"column":5}},"line":38},"7":{"name":"(anonymous_7)","decl":{"start":{"line":55,"column":4},"end":{"line":55,"column":5}},"loc":{"start":{"line":55,"column":45},"end":{"line":60,"column":5}},"line":55},"8":{"name":"(anonymous_8)","decl":{"start":{"line":58,"column":12},"end":{"line":58,"column":13}},"loc":{"start":{"line":58,"column":28},"end":{"line":58,"column":56}},"line":58},"9":{"name":"(anonymous_9)","decl":{"start":{"line":62,"column":4},"end":{"line":62,"column":5}},"loc":{"start":{"line":62,"column":13},"end":{"line":66,"column":5}},"line":62},"10":{"name":"(anonymous_10)","decl":{"start":{"line":68,"column":4},"end":{"line":68,"column":5}},"loc":{"start":{"line":68,"column":11},"end":{"line":85,"column":5}},"line":68},"11":{"name":"(anonymous_11)","decl":{"start":{"line":75,"column":21},"end":{"line":75,"column":22}},"loc":{"start":{"line":75,"column":31},"end":{"line":75,"column":56}},"line":75},"12":{"name":"(anonymous_12)","decl":{"start":{"line":79,"column":21},"end":{"line":79,"column":22}},"loc":{"start":{"line":79,"column":35},"end":{"line":83,"column":9}},"line":79},"13":{"name":"(anonymous_13)","decl":{"start":{"line":87,"column":4},"end":{"line":87,"column":5}},"loc":{"start":{"line":93,"column":6},"end":{"line":101,"column":5}},"line":93},"14":{"name":"(anonymous_14)","decl":{"start":{"line":96,"column":26},"end":{"line":96,"column":27}},"loc":{"start":{"line":96,"column":41},"end":{"line":100,"column":9}},"line":96},"15":{"name":"(anonymous_15)","decl":{"start":{"line":103,"column":4},"end":{"line":103,"column":5}},"loc":{"start":{"line":109,"column":6},"end":{"line":112,"column":5}},"line":109}},"branchMap":{"0":{"loc":{"start":{"line":8,"column":8},"end":{"line":10,"column":9}},"type":"if","locations":[{"start":{"line":8,"column":8},"end":{"line":10,"column":9}},{"start":{},"end":{}}],"line":8},"1":{"loc":{"start":{"line":21,"column":8},"end":{"line":25,"column":9}},"type":"if","locations":[{"start":{"line":21,"column":8},"end":{"line":25,"column":9}},{"start":{},"end":{}}],"line":21}},"s":{"0":0,"1":0,"2":0,"3":0,"4":0,"5":0,"6":0,"7":0,"8":0,"9":0,"10":0,"11":0,"12":0,"13":0,"14":0,"15":0,"16":0,"17":0,"18":0,"19":0,"20":0,"21":0,"22":0,"23":0,"24":0,"25":0,"26":0,"27":0,"28":0,"29":0,"30":0,"31":0,"32":0,"33":0,"34":0,"35":0,"36":0},"f":{"0":0,"1":0,"2":0,"3":0,"4":0,"5":0,"6":0,"7":0,"8":0,"9":0,"10":0,"11":0,"12":0,"13":0,"14":0,"15":0},"b":{"0":[0,0],"1":[0,0]}}
,"/Users/s.meyer/projects/dragonquest/src/menu/ActionsMenu.ts": {"path":"/Users/s.meyer/projects/dragonquest/src/menu/ActionsMenu.ts","statementMap":{"0":{"start":{"line":6,"column":8},"end":{"line":6,"column":67}},"1":{"start":{"line":10,"column":8},"end":{"line":10,"column":21}},"2":{"start":{"line":11,"column":8},"end":{"line":14,"column":9}},"3":{"start":{"line":11,"column":21},"end":{"line":11,"column":22}},"4":{"start":{"line":12,"column":27},"end":{"line":12,"column":37}},"5":{"start":{"line":13,"column":12},"end":{"line":13,"column":49}}},"fnMap":{"0":{"name":"(anonymous_0)","decl":{"start":{"line":5,"column":4},"end":{"line":5,"column":5}},"loc":{"start":{"line":5,"column":14},"end":{"line":7,"column":5}},"line":5},"1":{"name":"(anonymous_1)","decl":{"start":{"line":9,"column":4},"end":{"line":9,"column":5}},"loc":{"start":{"line":9,"column":40},"end":{"line":15,"column":5}},"line":9}},"branchMap":{},"s":{"0":0,"1":0,"2":0,"3":0,"4":0,"5":0},"f":{"0":0,"1":0},"b":{}}
[...]
tart":{"line":41,"column":65},"end":{"line":48,"column":9}},"line":41},"3":{"name":"(anonymous_3)","decl":{"start":{"line":56,"column":4},"end":{"line":56,"column":5}},"loc":{"start":{"line":56,"column":50},"end":{"line":85,"column":5}},"line":56},"4":{"name":"(anonymous_4)","decl":{"start":{"line":57,"column":23},"end":{"line":57,"column":24}},"loc":{"start":{"line":57,"column":34},"end":{"line":84,"column":9}},"line":57},"5":{"name":"(anonymous_5)","decl":{"start":{"line":61,"column":33},"end":{"line":61,"column":34}},"loc":{"start":{"line":61,"column":41},"end":{"line":65,"column":17}},"line":61},"6":{"name":"(anonymous_6)","decl":{"start":{"line":73,"column":41},"end":{"line":73,"column":42}},"loc":{"start":{"line":73,"column":48},"end":{"line":73,"column":54}},"line":73},"7":{"name":"(anonymous_7)","decl":{"start":{"line":87,"column":4},"end":{"line":87,"column":5}},"loc":{"start":{"line":87,"column":29},"end":{"line":95,"column":5}},"line":87},"8":{"name":"(anonymous_8)","decl":{"start":{"line":88,"column":44},"end":{"line":88,"column":45}},"loc":{"start":{"line":88,"column":57},"end":{"line":90,"column":9}},"line":88},"9":{"name":"(anonymous_9)","decl":{"start":{"line":97,"column":4},"end":{"line":97,"column":5}},"loc":{"start":{"line":97,"column":47},"end":{"line":104,"column":5}},"line":97},"10":{"name":"(anonymous_10)","decl":{"start":{"line":102,"column":17},"end":{"line":102,"column":18}},"loc":{"start":{"line":102,"column":26},"end":{"line":102,"column":47}},"line":102},"11":{"name":"(anonymous_11)","decl":{"start":{"line":103,"column":20},"end":{"line":103,"column":21}},"loc":{"start":{"line":103,"column":33},"end":{"line":103,"column":42}},"line":103},"12":{"name":"(anonymous_12)","decl":{"start":{"line":106,"column":4},"end":{"line":106,"column":5}},"loc":{"start":{"line":106,"column":11},"end":{"line":110,"column":5}},"line":106},"13":{"name":"(anonymous_13)","decl":{"start":{"line":107,"column":30},"end":{"line":107,"column":31}},"loc":{"start":{"line":107,"column":38},"end":{"line":109,"column":9}},"line":107},"14":{"name":"(anonymous_14)","decl":{"start":{"line":112,"column":4},"end":{"line":112,"column":5}},"loc":{"start":{"line":112,"column":32},"end":{"line":118,"column":5}},"line":112},"15":{"name":"(anonymous_15)","decl":{"start":{"line":120,"column":4},"end":{"line":120,"column":5}},"loc":{"start":{"line":120,"column":13},"end":{"line":140,"column":5}},"line":120},"16":{"name":"(anonymous_16)","decl":{"start":{"line":123,"column":30},"end":{"line":123,"column":31}},"loc":{"start":{"line":123,"column":38},"end":{"line":136,"column":9}},"line":123},"17":{"name":"(anonymous_17)","decl":{"start":{"line":142,"column":4},"end":{"line":142,"column":5}},"loc":{"start":{"line":142,"column":59},"end":{"line":195,"column":5}},"line":142},"18":{"name":"(anonymous_18)","decl":{"start":{"line":143,"column":23},"end":{"line":143,"column":24}},"loc":{"start":{"line":143,"column":34},"end":{"line":194,"column":9}},"line":143},"19":{"name":"(anonymous_19)","decl":{"start":{"line":147,"column":38},"end":{"line":147,"column":39}},"loc":{"start":{"line":147,"column":55},"end":{"line":154,"column":17}},"line":147}},"branchMap":{"0":{"loc":{"start":{"line":28,"column":8},"end":{"line":39,"column":9}},"type":"if","locations":[{"start":{"line":28,"column":8},"end":{"line":39,"column":9}},{"start":{},"end":{}}],"line":28},"1":{"loc":{"start":{"line":58,"column":12},"end":{"line":83,"column":13}},"type":"if","locations":[{"start":{"line":58,"column":12},"end":{"line":83,"column":13}},{"start":{"line":80,"column":19},"end":{"line":83,"column":13}}],"line":58},"2":{"loc":{"start":{"line":62,"column":20},"end":{"line":64,"column":21}},"type":"if","locations":[{"start":{"line":62,"column":20},"end":{"line":64,"column":21}},{"start":{},"end":{}}],"line":62},"3":{"loc":{"start":{"line":67,"column":16},"end":{"line":79,"column":17}},"type":"if","locations":[{"start":{"line":67,"column":16},"end":{"line":79,"column":17}},{"start":{"line":69,"column":23},"end":{"line":79,"column":17}}],"line":67},"4":{"loc":{"start":{"line":69,"column":23},"end":{"line":79,"column":17}},"type":"if","locations":[{"start":{"line":69,"column":23},"end":{"line":79,"column":17}},{"start":{"line":76,"column":23},"end":{"line":79,"column":17}}],"line":69},"5":{"loc":{"start":{"line":78,"column":33},"end":{"line":78,"column":76}},"type":"cond-expr","locations":[{"start":{"line":78,"column":40},"end":{"line":78,"column":63}},{"start":{"line":78,"column":66},"end":{"line":78,"column":76}}],"line":78},"6":{"loc":{"start":{"line":80,"column":19},"end":{"line":83,"column":13}},"type":"if","locations":[{"start":{"line":80,"column":19},"end":{"line":83,"column":13}},{"start":{},"end":{}}],"line":80},"7":{"loc":{"start":{"line":81,"column":34},"end":{"line":81,"column":77}},"type":"cond-expr","locations":[{"start":{"line":81,"column":41},"end":{"line":81,"column":64}},{"start":{"line":81,"column":67},"end":{"line":81,"column":77}}],"line":81},"8":{"loc":{"start":{"line":89,"column":19},"end":{"line":89,"column":78}},"type":"binary-expr","locations":[{"start":{"line":89,"column":19},"end":{"line":89,"column":39}},{"start":{"line":89,"column":43},"end":{"line":89,"column":78}}],"line":89},"9":{"loc":{"start":{"line":91,"column":8},"end":{"line":93,"column":9}},"type":"if","locations":[{"start":{"line":91,"column":8},"end":{"line":93,"column":9}},{"start":{},"end":{}}],"line":91},"10":{"loc":{"start":{"line":98,"column":8},"end":{"line":100,"column":9}},"type":"if","locations":[{"start":{"line":98,"column":8},"end":{"line":100,"column":9}},{"start":{},"end":{}}],"line":98},"11":{"loc":{"start":{"line":114,"column":8},"end":{"line":116,"column":9}},"type":"if","locations":[{"start":{"line":114,"column":8},"end":{"line":116,"column":9}},{"start":{},"end":{}}],"line":114},"12":{"loc":{"start":{"line":114,"column":12},"end":{"line":114,"column":45}},"type":"binary-expr","locations":[{"start":{"line":114,"column":12},"end":{"line":114,"column":17}},{"start":{"line":114,"column":21},"end":{"line":114,"column":45}}],"line":114},"13":{"loc":{"start":{"line":144,"column":12},"end":{"line":193,"column":13}},"type":"if","locations":[{"start":{"line":144,"column":12},"end":{"line":193,"column":13}},{"start":{"line":146,"column":19},"end":{"line":193,"column":13}}],"line":144},"14":{"loc":{"start":{"line":146,"column":19},"end":{"line":193,"column":13}},"type":"if","locations":[{"start":{"line":146,"column":19},"end":{"line":193,"column":13}},{"start":{"line":155,"column":19},"end":{"line":193,"column":13}}],"line":146},"15":{"loc":{"start":{"line":151,"column":20},"end":{"line":153,"column":21}},"type":"if","locations":[{"start":{"line":151,"column":20},"end":{"line":153,"column":21}},{"start":{},"end":{}}],"line":151},"16":{"loc":{"start":{"line":157,"column":16},"end":{"line":192,"column":17}},"type":"if","locations":[{"start":{"line":157,"column":16},"end":{"line":192,"column":17}},{"start":{"line":171,"column":23},"end":{"line":192,"column":17}}],"line":157},"17":{"loc":{"start":{"line":158,"column":20},"end":{"line":170,"column":21}},"type":"if","locations":[{"start":{"line":158,"column":20},"end":{"line":170,"column":21}},{"start":{},"end":{}}],"line":158},"18":{"loc":{"start":{"line":171,"column":23},"end":{"line":192,"column":17}},"type":"if","locations":[{"start":{"line":171,"column":23},"end":{"line":192,"column":17}},{"start":{"line":185,"column":23},"end":{"line":192,"column":17}}],"line":171},"19":{"loc":{"start":{"line":175,"column":20},"end":{"line":184,"column":21}},"type":"if","locations":[{"start":{"line":175,"column":20},"end":{"line":184,"column":21}},{"start":{},"end":{}}],"line":175}},"s":{"0":0,"1":0,"2":0,"3":0,"4":0,"5":0,"6":0,"7":0,"8":0,"9":0,"10":0,"11":0,"12":0,"13":0,"14":0,"15":0,"16":0,"17":0,"18":0,"19":0,"20":0,"21":0,"22":0,"23":0,"24":0,"25":0,"26":0,"27":0,"28":0,"29":0,"30":0,"31":0,"32":0,"33":0,"34":0,"35":0,"36":0,"37":0,"38":0,"39":0,"40":0,"41":0,"42":0,"43":0,"44":0,"45":0,"46":0,"47":0,"48":0,"49":0,"50":0,"51":0,"52":0,"53":0,"54":0,"55":0,"56":0,"57":0,"58":0,"59":0,"60":0,"61":0,"62":0,"63":0,"64":0,"65":0,"66":0,"67":0,"68":0,"69":0,"70":0,"71":0,"72":0,"73":0,"74":0,"75":0,"76":0,"77":0,"78":0,"79":0},"f":{"0":0,"1":0,"2":0,"3":0,"4":0,"5":0,"6":0,"7":0,"8":0,"9":0,"10":0,"11":0,"12":0,"13":0,"14":0,"15":0,"16":0,"17":0,"18":0,"19":0},"b":{"0":[0,0],"1":[0,0],"2":[0,0],"3":[0,0],"4":[0,0],"5":[0,0],"6":[0,0],"7":[0,0],"8":[0,0],"9":[0,0],"10":[0,0],"11":[0,0],"12":[0,0],"13":[0,0],"14":[0,0],"15":[0,0],"16":[0,0],"17":[0,0],"18":[0,0],"19":[0,0]}}
,"/Users/s.meyer/projects/dragonquest/src/ui/DialogUi.ts": {"path":"/Users/s.meyer/projects/dragonquest/src/ui/DialogUi.ts","statementMap":{"0":{"start":{"line":17,"column":8},"end":{"line":17,"column":27}},"1":{"start":{"line":18,"column":8},"end":{"line":18,"column":50}},"2":{"start":{"line":20,"column":8},"end":{"line":20,"column":32}},"3":{"start":{"line":21,"column":8},"end":{"line":26,"column":11}},"4":{"start":{"line":27,"column":8},"end":{"line":27,"column":28}},"5":{"start":{"line":28,"column":8},"end":{"line":28,"column":66}},"6":{"start":{"line":29,"column":8},"end":{"line":29,"column":29}},"7":{"start":{"line":31,"column":8},"end":{"line":31,"column":62}},"8":{"start":{"line":32,"column":8},"end":{"line":32,"column":29}},"9":{"start":{"line":33,"column":8},"end":{"line":33,"column":45}},"10":{"start":{"line":37,"column":24},"end":{"line":37,"column":26}},"11":{"start":{"line":38,"column":23},"end":{"line":38,"column":44}},"12":{"start":{"line":39,"column":28},"end":{"line":39,"column":50}},"13":{"start":{"line":40,"column":8},"end":{"line":40,"column":30}},"14":{"start":{"line":41,"column":8},"end":{"line":41,"column":50}},"15":{"start":{"line":42,"column":8},"end":{"line":42,"column":47}},"16":{"start":{"line":43,"column":8},"end":{"line":48,"column":10}},"17":{"start":{"line":49,"column":8},"end":{"line":54,"column":10}},"18":{"start":{"line":55,"column":29},"end":{"line":55,"column":57}},"19":{"start":{"line":56,"column":8},"end":{"line":68,"column":9}},"20":{"start":{"line":57,"column":26},"end":{"line":57,"column":52}},"21":{"start":{"line":58,"column":35},"end":{"line":60,"column":25}},"22":{"start":{"line":61,"column":12},"end":{"line":61,"column":51}},"23":{"start":{"line":62,"column":12},"end":{"line":67,"column":14}},"24":{"start":{"line":71,"column":18},"end":{"line":112,"column":5}},"25":{"start":{"line":72,"column":8},"end":{"line":74,"column":9}},"26":{"start":{"line":73,"column":12},"end":{"line":73,"column":19}},"27":{"start":{"line":75,"column":23},"end":{"line":75,"column":54}},"28":{"start":{"line":76,"column":8},"end":{"line":76,"column":45}},"29":{"start":{"line":78,"column":8},"end":{"line":110,"column":11}},"30":{"start":{"line":79,"column":33},"end":{"line":79,"column":61}},"31":{"start":{"line":80,"column":12},"end":{"line":109,"column":13}},"32":{"start":{"line":81,"column":29},"end":{"line":81,"column":46}},"33":{"start":{"line":82,"column":16},"end":{"line":103,"column":17}},"34":{"start":{"line":83,"column":35},"end":{"line":83,"column":56}},"35":{"start":{"line":84,"column":33},"end":{"line":84,"column":34}},"36":{"start":{"line":85,"column":20},"end":{"line":100,"column":23}},"37":{"start":{"line":86,"column":39},"end":{"line":97,"column":25}},"38":{"start":{"line":98,"column":24},"end":{"line":98,"column":60}},"39":{"start":{"line":99,"column":24},"end":{"line":99,"column":47}},"40":{"start":{"line":102,"column":20},"end":{"line":102,"column":47}},"41":{"start":{"line":104,"column":16},"end":{"line":104,"column":40}},"42":{"start":{"line":106,"column":16},"end":{"line":106,"column":37}},"43":{"start":{"line":107,"column":16},"end":{"line":107,"column":46}},"44":{"start":{"line":108,"column":16},"end":{"line":108,"column":53}},"45":{"start":{"line":111,"column":8},"end":{"line":111,"column":28}},"46":{"start":{"line":115,"column":8},"end":{"line":115,"column":29}},"47":{"start":{"line":118,"column":12},"end":{"line":130,"column":5}},"48":{"start":{"line":119,"column":8},"end":{"line":129,"column":9}},"49":{"start":{"line":120,"column":12},"end":{"line":122,"column":13}},"50":{"start":{"line":121,"column":16},"end":{"line":121,"column":45}},"51":{"start":{"line":123,"column":12},"end":{"line":125,"column":13}},"52":{"start":{"line":124,"column":16},"end":{"line":124,"column":47}},"53":{"start":{"line":126,"column":12},"end":{"line":128,"column":13}},"54":{"start":{"line":127,"column":16},"end":{"line":127,"column":43}}},"fnMap":{"0":{"name":"(anonymous_0)","decl":{"start":{"line":11,"column":4},"end":{"line":11,"column":5}},"loc":{"start":{"line":16,"column":6},"end":{"line":34,"column":5}},"line":16},"1":{"name":"(anonymous_1)","decl":{"start":{"line":36,"column":4},"end":{"line":36,"column":5}},"loc":{"start":{"line":36,"column":19},"end":{"line":69,"column":5}},"line":36},"2":{"name":"(anonymous_2)","decl":{"start":{"line":71,"column":18},"end":{"line":71,"column":19}},"loc":{"start":{"line":71,"column":40},"end":{"line":112,"column":5}},"line":71},"3":{"name":"(anonymous_3)","decl":{"start":{"line":78,"column":16},"end":{"line":78,"column":17}},"loc":{"start":{"line":78,"column":22},"end":{"line":110,"column":9}},"line":78},"4":{"name":"(anonymous_4)","decl":{"start":{"line":85,"column":49},"end":{"line":85,"column":50}},"loc":{"start":{"line":85,"column":61},"end":{"line":100,"column":21}},"line":85},"5":{"name":"(anonymous_5)","decl":{"start":{"line":114,"column":4},"end":{"line":114,"column":5}},"loc":{"start":{"line":114,"column":18},"end":{"line":116,"column":5}},"line":114},"6":{"name":"(anonymous_6)","decl":{"start":{"line":118,"column":12},"end":{"line":118,"column":13}},"loc":{"start":{"line":118,"column":38},"end":{"line":130,"column":5}},"line":118}},"branchMap":{"0":{"loc":{"start":{"line":56,"column":8},"end":{"line":68,"column":9}},"type":"if","locations":[{"start":{"line":56,"column":8},"end":{"line":68,"column":9}},{"start":{},"end":{}}],"line":56},"1":{"loc":{"start":{"line":72,"column":8},"end":{"line":74,"column":9}},"type":"if","locations":[{"start":{"line":72,"column":8},"end":{"line":74,"column":9}},{"start":{},"end":{}}],"line":72},"2":{"loc":{"start":{"line":80,"column":12},"end":{"line":109,"column":13}},"type":"if","locations":[{"start":{"line":80,"column":12},"end":{"line":109,"column":13}},{"start":{"line":105,"column":19},"end":{"line":109,"column":13}}],"line":80},"3":{"loc":{"start":{"line":82,"column":16},"end":{"line":103,"column":17}},"type":"if","locations":[{"start":{"line":82,"column":16},"end":{"line":103,"column":17}},{"start":{"line":101,"column":23},"end":{"line":103,"column":17}}],"line":82},"4":{"loc":{"start":{"line":119,"column":8},"end":{"line":129,"column":9}},"type":"if","locations":[{"start":{"line":119,"column":8},"end":{"line":129,"column":9}},{"start":{},"end":{}}],"line":119},"5":{"loc":{"start":{"line":120,"column":12},"end":{"line":122,"column":13}},"type":"if","locations":[{"start":{"line":120,"column":12},"end":{"line":122,"column":13}},{"start":{},"end":{}}],"line":120},"6":{"loc":{"start":{"line":123,"column":12},"end":{"line":125,"column":13}},"type":"if","locations":[{"start":{"line":123,"column":12},"end":{"line":125,"column":13}},{"start":{},"end":{}}],"line":123},"7":{"loc":{"start":{"line":126,"column":12},"end":{"line":128,"column":13}},"type":"if","locations":[{"start":{"line":126,"column":12},"end":{"line":128,"column":13}},{"start":{},"end":{}}],"line":126}},"s":{"0":0,"1":0,"2":0,"3":0,"4":0,"5":0,"6":0,"7":0,"8":0,"9":0,"10":0,"11":0,"12":0,"13":0,"14":0,"15":0,"16":0,"17":0,"18":0,"19":0,"20":0,"21":0,"22":0,"23":0,"24":0,"25":0,"26":0,"27":0,"28":0,"29":0,"30":0,"31":0,"32":0,"33":0,"34":0,"35":0,"36":0,"37":0,"38":0,"39":0,"40":0,"41":0,"42":0,"43":0,"44":0,"45":0,"46":0,"47":0,"48":0,"49":0,"50":0,"51":0,"52":0,"53":0,"54":0},"f":{"0":0,"1":0,"2":0,"3":0,"4":0,"5":0,"6":0},"b":{"0":[0,0],"1":[0,0],"2":[0,0],"3":[0,0],"4":[0,0],"5":[0,0],"6":[0,0],"7":[0,0]}}
,"/Users/s.meyer/projects/dragonquest/src/ui/MessageUi.ts": {"path":"/Users/s.meyer/projects/dragonquest/src/ui/MessageUi.ts","statementMap":{"0":{"start":{"line":12,"column":8},"end":{"line":12,"column":40}},"1":{"start":{"line":13,"column":23},"end":{"line":13,"column":48}},"2":{"start":{"line":14,"column":8},"end":{"line":14,"column":27}},"3":{"start":{"line":15,"column":8},"end":{"line":15,"column":45}},"4":{"start":{"line":16,"column":8},"end":{"line":16,"column":42}},"5":{"start":{"line":17,"column":8},"end":{"line":17,"column":47}},"6":{"start":{"line":18,"column":8},"end":{"line":18,"column":45}},"7":{"start":{"line":19,"column":8},"end":{"line":24,"column":11}},"8":{"start":{"line":25,"column":8},"end":{"line":25,"column":28}},"9":{"start":{"line":26,"column":8},"end":{"line":26,"column":33}},"10":{"start":{"line":27,"column":8},"end":{"line":27,"column":53}},"11":{"start":{"line":28,"column":8},"end":{"line":28,"column":29}},"12":{"start":{"line":32,"column":8},"end":{"line":32,"column":32}},"13":{"start":{"line":33,"column":8},"end":{"line":33,"column":28}},"14":{"start":{"line":34,"column":8},"end":{"line":36,"column":9}},"15":{"start":{"line":35,"column":12},"end":{"line":35,"column":41}},"16":{"start":{"line":37,"column":8},"end":{"line":41,"column":11}},"17":{"start":{"line":45,"column":8},"end":{"line":45,"column":35}},"18":{"start":{"line":46,"column":8},"end":{"line":46,"column":29}}},"fnMap":{"0":{"name":"(anonymous_0)","decl":{"start":{"line":6,"column":4},"end":{"line":6,"column":5}},"loc":{"start":{"line":11,"column":6},"end":{"line":29,"column":5}},"line":11},"1":{"name":"(anonymous_1)","decl":{"start":{"line":31,"column":4},"end":{"line":31,"column":5}},"loc":{"start":{"line":31,"column":30},"end":{"line":42,"column":5}},"line":31},"2":{"name":"(anonymous_2)","decl":{"start":{"line":44,"column":4},"end":{"line":44,"column":5}},"loc":{"start":{"line":44,"column":18},"end":{"line":47,"column":5}},"line":44}},"branchMap":{"0":{"loc":{"start":{"line":12,"column":21},"end":{"line":12,"column":29}},"type":"binary-expr","locations":[{"start":{"line":12,"column":21},"end":{"line":12,"column":22}},{"start":{"line":12,"column":26},"end":{"line":12,"column":29}}],"line":12},"1":{"loc":{"start":{"line":12,"column":31},"end":{"line":12,"column":38}},"type":"binary-expr","locations":[{"start":{"line":12,"column":31},"end":{"line":12,"column":32}},{"start":{"line":12,"column":36},"end":{"line":12,"column":38}}],"line":12},"2":{"loc":{"start":{"line":34,"column":8},"end":{"line":36,"column":9}},"type":"if","locations":[{"start":{"line":34,"column":8},"end":{"line":36,"column":9}},{"start":{},"end":{}}],"line":34}},"s":{"0":0,"1":0,"2":0,"3":0,"4":0,"5":0,"6":0,"7":0,"8":0,"9":0,"10":0,"11":0,"12":0,"13":0,"14":0,"15":0,"16":0,"17":0,"18":0},"f":{"0":0,"1":0,"2":0},"b":{"0":[0,0],"1":[0,0],"2":[0,0]}}
,"/Users/s.meyer/projects/dragonquest/src/utils/removeSchemaFromJson.ts": {"path":"/Users/s.meyer/projects/dragonquest/src/utils/removeSchemaFromJson.ts","statementMap":{"0":{"start":{"line":1,"column":36},"end":{"line":8,"column":1}},"1":{"start":{"line":2,"column":4},"end":{"line":7,"column":22}},"2":{"start":{"line":3,"column":25},"end":{"line":3,"column":42}},"3":{"start":{"line":5,"column":12},"end":{"line":5,"column":33}},"4":{"start":{"line":6,"column":12},"end":{"line":6,"column":23}}},"fnMap":{"0":{"name":"(anonymous_0)","decl":{"start":{"line":1,"column":36},"end":{"line":1,"column":37}},"loc":{"start":{"line":1,"column":73},"end":{"line":8,"column":1}},"line":1},"1":{"name":"(anonymous_1)","decl":{"start":{"line":3,"column":16},"end":{"line":3,"column":17}},"loc":{"start":{"line":3,"column":25},"end":{"line":3,"column":42}},"line":3},"2":{"name":"(anonymous_2)","decl":{"start":{"line":4,"column":16},"end":{"line":4,"column":17}},"loc":{"start":{"line":4,"column":30},"end":{"line":7,"column":9}},"line":4}},"branchMap":{},"s":{"0":0,"1":0,"2":0,"3":0,"4":0},"f":{"0":0,"1":0,"2":0},"b":{}}
}
